
STRING_NUM_BITS       31
OFFSET_BITS           31
STRING_NUM_MASK       2147483647
OFFSET_MASK           2147483647
MAX_STRING_NUM        2147483647

Hash_Mask_Bits        22
Max_Hash_Strings      3063
Max_Hash_Data_Len     10001868
Max_Hash_Load         0.750000
Kmer Length           22
Min Overlap Length    250
MAX_ERRORS            6554
ERRORS_FOR_FREE       1

Num_PThreads          2
Max_Reads_Per_Batch   3063
Max_Reads_Per_Thread  382

HASH_TABLE_SIZE         4194304
sizeof(Hash_Bucket_t)   216
hash table size:        864 MB

check  16 MB
info   0 MB
start  0 MB

Initialize_Work_Area:  MAX_ERRORS=6554  allocated 165MB
Initialize_Work_Area:  MAX_ERRORS=6554  allocated 165MB
Build_Hash_Index from 1 to 3063
HASH LOADING STOPPED: strings          3063 out of         3063 max.
HASH LOADING STOPPED: length       10001868 out of     10001868 max.
HASH LOADING STOPPED: entries       6086875 out of     66060288 max (load 6.91).
### realloc  Extra_Ref_Space  max_extra_ref_ct = 6382167
String_Ct = 3063  Extra_String_Ct = 0  Extra_String_Subcount = 2978
Read 14382 kmers to mark to skip
Index built.
Starting 1 3063
Choose_And_Process_Stream_Segment()-- tid 0
Choose_And_Process_Stream_Segment()-- tid 1
Choose_And_Process_Stream_Segment()-- tid 1 returns
Choose_And_Process_Stream_Segment()-- tid 0 returns
 Kmer hits without olaps = 64888
    Kmer hits with olaps = 6205
  Multiple overlaps/pair = 0
 Total overlaps produced = 6205
      Contained overlaps = 1985
       Dovetail overlaps = 4220
Rejected by short window = 0
 Rejected by long window = 0
