
STRING_NUM_BITS       31
OFFSET_BITS           31
STRING_NUM_MASK       2147483647
OFFSET_MASK           2147483647
MAX_STRING_NUM        2147483647

Hash_Mask_Bits        22
Max_Hash_Strings      2405
Max_Hash_Data_Len     6198731
Max_Hash_Load         0.750000
Kmer Length           22
Min Overlap Length    250
MAX_ERRORS            6554
ERRORS_FOR_FREE       1

Num_PThreads          2
Max_Reads_Per_Batch   2405
Max_Reads_Per_Thread  300

HASH_TABLE_SIZE         4194304
sizeof(Hash_Bucket_t)   216
hash table size:        864 MB

check  16 MB
info   0 MB
start  0 MB

Initialize_Work_Area:  MAX_ERRORS=6554  allocated 165MB
Initialize_Work_Area:  MAX_ERRORS=6554  allocated 165MB
Build_Hash_Index from 9267 to 11671
HASH LOADING STOPPED: strings          2405 out of         2405 max.
HASH LOADING STOPPED: length        6198731 out of      6198731 max.
HASH LOADING STOPPED: entries       4292474 out of     66060288 max (load 4.87).
### realloc  Extra_Ref_Space  max_extra_ref_ct = 2996268
String_Ct = 2405  Extra_String_Ct = 0  Extra_String_Subcount = 2978
Read 14382 kmers to mark to skip
Index built.
Starting 1 2405
Choose_And_Process_Stream_Segment()-- tid 0
Choose_And_Process_Stream_Segment()-- tid 1
Choose_And_Process_Stream_Segment()-- tid 1 returns
Choose_And_Process_Stream_Segment()-- tid 0 returns
Starting 2406 4810
Choose_And_Process_Stream_Segment()-- tid 0
Choose_And_Process_Stream_Segment()-- tid 1
Choose_And_Process_Stream_Segment()-- tid 1 returns
Choose_And_Process_Stream_Segment()-- tid 0 returns
Starting 4811 7215
Choose_And_Process_Stream_Segment()-- tid 0
Choose_And_Process_Stream_Segment()-- tid 1
Choose_And_Process_Stream_Segment()-- tid 0 returns
Choose_And_Process_Stream_Segment()-- tid 1 returns
Starting 7216 9620
Choose_And_Process_Stream_Segment()-- tid 0
Choose_And_Process_Stream_Segment()-- tid 1
Choose_And_Process_Stream_Segment()-- tid 0 returns
Choose_And_Process_Stream_Segment()-- tid 1 returns
Starting 9621 11671
Choose_And_Process_Stream_Segment()-- tid 0
Choose_And_Process_Stream_Segment()-- tid 1
Choose_And_Process_Stream_Segment()-- tid 0 returns
Choose_And_Process_Stream_Segment()-- tid 1 returns
 Kmer hits without olaps = 292056
    Kmer hits with olaps = 43915
  Multiple overlaps/pair = 0
 Total overlaps produced = 43915
      Contained overlaps = 16971
       Dovetail overlaps = 26944
Rejected by short window = 0
 Rejected by long window = 0
