[2026-01-17 14:55:40,408] multiqc                                            [DEBUG  ]  This is MultiQC v1.14
[2026-01-17 14:55:40,408] multiqc                                            [DEBUG  ]  Command used: /apps2/software/MultiQC/1.14-foss-2022b/bin/multiqc /mnt/beegfs/home/s430452/advanced_sequencing_informatics_and_genome_assembly/assignment/qc/HS7_R1_fastqc.zip /mnt/beegfs/home/s430452/advanced_sequencing_informatics_and_genome_assembly/assignment/qc/HS7_R2_fastqc.zip -o /mnt/beegfs/home/s430452/advanced_sequencing_informatics_and_genome_assembly/assignment/qc/multiqc_report
[2026-01-17 14:55:40,630] multiqc                                            [WARNING]  MultiQC Version v1.33 now available!
[2026-01-17 14:55:40,631] multiqc                                            [DEBUG  ]  Working dir : /mnt/beegfs/home/s430452/advanced_sequencing_informatics_and_genome_assembly/assignment
[2026-01-17 14:55:40,631] multiqc                                            [DEBUG  ]  Template    : default
[2026-01-17 14:55:40,631] multiqc                                            [DEBUG  ]  Running Python 3.10.8 (main, Sep 19 2023, 21:11:49) [GCC 12.2.0]
[2026-01-17 14:55:40,632] multiqc                                            [DEBUG  ]  Analysing modules: custom_content, ccs, ngsderive, purple, conpair, lima, peddy, somalier, methylQA, mosdepth, phantompeakqualtools, qualimap, preseq, hifiasm, quast, qorts, rna_seqc, rockhopper, rsem, rseqc, busco, bustools, goleft_indexcov, gffcompare, disambiguate, supernova, deeptools, sargasso, verifybamid, mirtrace, happy, mirtop, sambamba, gopeaks, homer, hops, macs2, theta2, snpeff, gatk, htseq, bcftools, featureCounts, fgbio, dragen, dragen_fastqc, dedup, pbmarkdup, damageprofiler, biobambam2, jcvi, mtnucratio, picard, vep, sentieon, prokka, qc3C, nanostat, samblaster, samtools, sexdeterrmine, eigenstratdatabasetools, bamtools, jellyfish, vcftools, longranger, stacks, varscan2, snippy, umitools, bbmap, bismark, biscuit, diamond, hicexplorer, hicup, hicpro, salmon, kallisto, slamdunk, star, hisat2, tophat, bowtie2, bowtie1, cellranger, snpsplit, odgi, pangolin, nextclade, humid, kat, leehom, adapterRemoval, bbduk, clipandmerge, cutadapt, flexbar, kaiju, kraken, malt, motus, trimmomatic, sickle, skewer, sortmerna, biobloomtools, fastq_screen, afterqc, fastp, fastqc, filtlong, prinseqplusplus, pychopper, porechop, pycoqc, minionqc, anglerfish, multivcfanalyzer, clusterflow, checkqc, bcl2fastq, bclconvert, interop, ivar, flash, seqyclean, optitype, whatshap
[2026-01-17 14:55:40,632] multiqc                                            [DEBUG  ]  Using temporary directory for creating report: /var/tmp/pbs.118765.cr2-pbs/tmp_sk68_ny
[2026-01-17 14:55:40,872] multiqc                                            [INFO   ]  Search path : /mnt/beegfs/home/s430452/advanced_sequencing_informatics_and_genome_assembly/assignment/qc/HS7_R1_fastqc.zip
[2026-01-17 14:55:40,872] multiqc                                            [INFO   ]  Search path : /mnt/beegfs/home/s430452/advanced_sequencing_informatics_and_genome_assembly/assignment/qc/HS7_R2_fastqc.zip
[2026-01-17 14:55:40,892] multiqc                                            [DEBUG  ]  Summary of files that were skipped by the search: []
[2026-01-17 14:55:41,531] multiqc.plots.bargraph                             [DEBUG  ]  Using matplotlib version 3.7.0
[2026-01-17 14:55:41,534] multiqc.plots.linegraph                            [DEBUG  ]  Using matplotlib version 3.7.0
[2026-01-17 14:55:41,536] multiqc                                            [DEBUG  ]  No samples found: custom_content
[2026-01-17 14:55:41,550] multiqc.modules.fastqc.fastqc                      [INFO   ]  Found 2 reports
[2026-01-17 14:55:41,606] multiqc                                            [INFO   ]  Compressing plot data
[2026-01-17 14:55:41,640] multiqc                                            [WARNING]  Previous MultiQC output found! Adjusting filenames..
[2026-01-17 14:55:41,641] multiqc                                            [WARNING]  Use -f or --force to overwrite existing reports instead
[2026-01-17 14:55:41,641] multiqc                                            [INFO   ]  Report      : qc/multiqc_report/multiqc_report_4.html
[2026-01-17 14:55:41,642] multiqc                                            [INFO   ]  Data        : qc/multiqc_report/multiqc_data_4
[2026-01-17 14:55:41,643] multiqc                                            [DEBUG  ]  Moving data file from '/var/tmp/pbs.118765.cr2-pbs/tmp_sk68_ny/multiqc_data' to '/mnt/beegfs/home/s430452/advanced_sequencing_informatics_and_genome_assembly/assignment/qc/multiqc_report/multiqc_data_4'
[2026-01-17 14:55:41,773] multiqc                                            [INFO   ]  MultiQC complete
