Command Line options:
  singleReadMaxCoverage    1.000000
  lowCoverage              2 coverage 1.000000 fraction
  minReads                 2
  tooLong                  12000
  tooShort                 1000
Loading fragment data.
Generating statistics.
Analyzing statistics.
Processing unitigs.


classification     number of unitigs    total length
  unique:                         25         5000507
  singleton:                      45           80309
  repeat:                          2            5597
    too few reads:                 0               0
    low cov stat:                  2            5597
    too short:                     0               0
    microhet:                      0               0
    spanning read:                 0               0
    low coverage:                  0               0
