[2026-01-17 12:47:36,817] multiqc                                            [DEBUG  ]  This is MultiQC v1.14
[2026-01-17 12:47:36,817] multiqc                                            [DEBUG  ]  Command used: /apps2/software/MultiQC/1.14-foss-2022b/bin/multiqc /mnt/beegfs/home/s430452/advanced_sequencing_informatics_and_genome_assembly/assignment/qc/HS7_R1_fastqc.zip /mnt/beegfs/home/s430452/advanced_sequencing_informatics_and_genome_assembly/assignment/qc/HS7_R2_fastqc.zip -o /mnt/beegfs/home/s430452/advanced_sequencing_informatics_and_genome_assembly/assignment/qc/multiqc_report
[2026-01-17 12:47:37,168] multiqc                                            [WARNING]  MultiQC Version v1.33 now available!
[2026-01-17 12:47:37,169] multiqc                                            [DEBUG  ]  Working dir : /mnt/beegfs/home/s430452/advanced_sequencing_informatics_and_genome_assembly/assignment
[2026-01-17 12:47:37,169] multiqc                                            [DEBUG  ]  Template    : default
[2026-01-17 12:47:37,169] multiqc                                            [DEBUG  ]  Running Python 3.10.8 (main, Sep 19 2023, 21:11:49) [GCC 12.2.0]
[2026-01-17 12:47:37,170] multiqc                                            [DEBUG  ]  Analysing modules: custom_content, ccs, ngsderive, purple, conpair, lima, peddy, somalier, methylQA, mosdepth, phantompeakqualtools, qualimap, preseq, hifiasm, quast, qorts, rna_seqc, rockhopper, rsem, rseqc, busco, bustools, goleft_indexcov, gffcompare, disambiguate, supernova, deeptools, sargasso, verifybamid, mirtrace, happy, mirtop, sambamba, gopeaks, homer, hops, macs2, theta2, snpeff, gatk, htseq, bcftools, featureCounts, fgbio, dragen, dragen_fastqc, dedup, pbmarkdup, damageprofiler, biobambam2, jcvi, mtnucratio, picard, vep, sentieon, prokka, qc3C, nanostat, samblaster, samtools, sexdeterrmine, eigenstratdatabasetools, bamtools, jellyfish, vcftools, longranger, stacks, varscan2, snippy, umitools, bbmap, bismark, biscuit, diamond, hicexplorer, hicup, hicpro, salmon, kallisto, slamdunk, star, hisat2, tophat, bowtie2, bowtie1, cellranger, snpsplit, odgi, pangolin, nextclade, humid, kat, leehom, adapterRemoval, bbduk, clipandmerge, cutadapt, flexbar, kaiju, kraken, malt, motus, trimmomatic, sickle, skewer, sortmerna, biobloomtools, fastq_screen, afterqc, fastp, fastqc, filtlong, prinseqplusplus, pychopper, porechop, pycoqc, minionqc, anglerfish, multivcfanalyzer, clusterflow, checkqc, bcl2fastq, bclconvert, interop, ivar, flash, seqyclean, optitype, whatshap
[2026-01-17 12:47:37,170] multiqc                                            [DEBUG  ]  Using temporary directory for creating report: /var/tmp/pbs.118750.cr2-pbs/tmpq6b_1zpc
[2026-01-17 12:47:37,684] multiqc                                            [INFO   ]  Search path : /mnt/beegfs/home/s430452/advanced_sequencing_informatics_and_genome_assembly/assignment/qc/HS7_R1_fastqc.zip
[2026-01-17 12:47:37,685] multiqc                                            [INFO   ]  Search path : /mnt/beegfs/home/s430452/advanced_sequencing_informatics_and_genome_assembly/assignment/qc/HS7_R2_fastqc.zip
[2026-01-17 12:47:37,706] multiqc                                            [DEBUG  ]  Summary of files that were skipped by the search: []
[2026-01-17 12:47:39,739] multiqc.plots.bargraph                             [DEBUG  ]  Using matplotlib version 3.7.0
[2026-01-17 12:47:39,751] multiqc.plots.linegraph                            [DEBUG  ]  Using matplotlib version 3.7.0
[2026-01-17 12:47:39,761] multiqc                                            [DEBUG  ]  No samples found: custom_content
[2026-01-17 12:47:39,785] multiqc.modules.fastqc.fastqc                      [INFO   ]  Found 2 reports
[2026-01-17 12:47:39,851] multiqc                                            [INFO   ]  Compressing plot data
[2026-01-17 12:47:39,884] multiqc                                            [INFO   ]  Report      : qc/multiqc_report/multiqc_report.html
[2026-01-17 12:47:39,885] multiqc                                            [INFO   ]  Data        : qc/multiqc_report/multiqc_data
[2026-01-17 12:47:39,886] multiqc                                            [DEBUG  ]  Moving data file from '/var/tmp/pbs.118750.cr2-pbs/tmpq6b_1zpc/multiqc_data' to '/mnt/beegfs/home/s430452/advanced_sequencing_informatics_and_genome_assembly/assignment/qc/multiqc_report/multiqc_data'
[2026-01-17 12:47:40,296] multiqc                                            [INFO   ]  MultiQC complete
