Scanning overlap files to count the number of overlaps.
Found 0.204 million overlaps.
Memory limit 65536MB supplied.  I'll put 196975898 IIDs (3435.97 million overlaps) into each of 1 buckets.
bucketizing /mnt/beegfs/home/s430452/advanced_sequencing_informatics_and_genome_assembly/assignment/assembly/masurca/HS7_R1.fastq.gz.cor_k64_soap_SR_masurca_hybrid_k64/CA.mr.41.15.17.0.029/1-overlapper/001/000001.ovb.gz
bucketizing /mnt/beegfs/home/s430452/advanced_sequencing_informatics_and_genome_assembly/assignment/assembly/masurca/HS7_R1.fastq.gz.cor_k64_soap_SR_masurca_hybrid_k64/CA.mr.41.15.17.0.029/1-overlapper/001/000004.ovb.gz
bucketizing /mnt/beegfs/home/s430452/advanced_sequencing_informatics_and_genome_assembly/assignment/assembly/masurca/HS7_R1.fastq.gz.cor_k64_soap_SR_masurca_hybrid_k64/CA.mr.41.15.17.0.029/1-overlapper/001/000003.ovb.gz
bucketizing /mnt/beegfs/home/s430452/advanced_sequencing_informatics_and_genome_assembly/assignment/assembly/masurca/HS7_R1.fastq.gz.cor_k64_soap_SR_masurca_hybrid_k64/CA.mr.41.15.17.0.029/1-overlapper/001/000002.ovb.gz
bucketizing DONE!
overlaps skipped:
               0 OBT - low quality
               0 DUP - non-duplicate overlap
               0 DUP - different library
               0 DUP - dedup not requested
reading /mnt/beegfs/home/s430452/advanced_sequencing_informatics_and_genome_assembly/assignment/assembly/masurca/HS7_R1.fastq.gz.cor_k64_soap_SR_masurca_hybrid_k64/CA.mr.41.15.17.0.029/genome.ovlStore.BUILDING/tmp.sort.000 (0)
sorting /mnt/beegfs/home/s430452/advanced_sequencing_informatics_and_genome_assembly/assignment/assembly/masurca/HS7_R1.fastq.gz.cor_k64_soap_SR_masurca_hybrid_k64/CA.mr.41.15.17.0.029/genome.ovlStore.BUILDING/tmp.sort.000 (0)
writing /mnt/beegfs/home/s430452/advanced_sequencing_informatics_and_genome_assembly/assignment/assembly/masurca/HS7_R1.fastq.gz.cor_k64_soap_SR_masurca_hybrid_k64/CA.mr.41.15.17.0.029/genome.ovlStore.BUILDING/tmp.sort.000 (0)
Closing the new store:
ovs->ovs.ovsMagic           = 0x65726f74536c766f
ovs->ovs.ovsVersion         = 2
ovs->ovs.numOverlapsPerFile = 67108864
ovs->ovs.smallestIID        = 1
ovs->ovs.largestIID         = 11671
ovs->ovs.numOverlapsTotal   = 203602
ovs->ovs.highestFileIndex   = 1
ovs->ovs.maxReadLenInBits   = 16
