Started script
Wed Jan 28 07:55:19 GMT 2026

apptainer version 1.1.3-1.el8
FastQC & MultiQC
Wed Jan 28 07:55:20 GMT 2026

Fastq files to be processed:
/mnt/beegfs/home/s430452/advanced_sequencing_informatics_and_genome_assembly/assignment/raw_data/HS7_R1.fastq.gz /mnt/beegfs/home/s430452/advanced_sequencing_informatics_and_genome_assembly/assignment/raw_data/HS7_R2.fastq.gz
application/gzip
application/gzip
Started analysis of HS7_R1.fastq.gz
Approx 5% complete for HS7_R1.fastq.gz
Approx 10% complete for HS7_R1.fastq.gz
Approx 15% complete for HS7_R1.fastq.gz
Approx 20% complete for HS7_R1.fastq.gz
Approx 25% complete for HS7_R1.fastq.gz
Approx 30% complete for HS7_R1.fastq.gz
Approx 35% complete for HS7_R1.fastq.gz
Approx 40% complete for HS7_R1.fastq.gz
Approx 45% complete for HS7_R1.fastq.gz
Approx 50% complete for HS7_R1.fastq.gz
Approx 55% complete for HS7_R1.fastq.gz
Approx 60% complete for HS7_R1.fastq.gz
Approx 65% complete for HS7_R1.fastq.gz
Approx 70% complete for HS7_R1.fastq.gz
Approx 75% complete for HS7_R1.fastq.gz
Approx 80% complete for HS7_R1.fastq.gz
Approx 85% complete for HS7_R1.fastq.gz
Approx 90% complete for HS7_R1.fastq.gz
Approx 95% complete for HS7_R1.fastq.gz
Approx 100% complete for HS7_R1.fastq.gz
Analysis complete for HS7_R1.fastq.gz
Started analysis of HS7_R2.fastq.gz
Approx 5% complete for HS7_R2.fastq.gz
Approx 10% complete for HS7_R2.fastq.gz
Approx 15% complete for HS7_R2.fastq.gz
Approx 20% complete for HS7_R2.fastq.gz
Approx 25% complete for HS7_R2.fastq.gz
Approx 30% complete for HS7_R2.fastq.gz
Approx 35% complete for HS7_R2.fastq.gz
Approx 40% complete for HS7_R2.fastq.gz
Approx 45% complete for HS7_R2.fastq.gz
Approx 50% complete for HS7_R2.fastq.gz
Approx 55% complete for HS7_R2.fastq.gz
Approx 60% complete for HS7_R2.fastq.gz
Approx 65% complete for HS7_R2.fastq.gz
Approx 70% complete for HS7_R2.fastq.gz
Approx 75% complete for HS7_R2.fastq.gz
Approx 80% complete for HS7_R2.fastq.gz
Approx 85% complete for HS7_R2.fastq.gz
Approx 90% complete for HS7_R2.fastq.gz
Approx 95% complete for HS7_R2.fastq.gz
Approx 100% complete for HS7_R2.fastq.gz
Analysis complete for HS7_R2.fastq.gz

  /// MultiQC 🔍 | v1.14

|           multiqc | MultiQC Version v1.33 now available!
|           multiqc | Search path : /mnt/beegfs/home/s430452/advanced_sequencing_informatics_and_genome_assembly/assignment/qc/HS7_R1_fastqc.zip
|           multiqc | Search path : /mnt/beegfs/home/s430452/advanced_sequencing_informatics_and_genome_assembly/assignment/qc/HS7_R2_fastqc.zip
|         searching | ━━━━━━━━━━━━━━━━━━━━━━━━━━━━━━━━━━━━━━━━ 100% 2/2  
|            fastqc | Found 2 reports
|           multiqc | Compressing plot data
|           multiqc | Previous MultiQC output found! Adjusting filenames..
|           multiqc | Use -f or --force to overwrite existing reports instead
|           multiqc | Report      : qc/HS7_R1_multiqc_report/multiqc_report_1.html
|           multiqc | Data        : qc/HS7_R1_multiqc_report/multiqc_data_1
|           multiqc | MultiQC complete

Descriptive statistics for Illumina fastq files:
File: /mnt/beegfs/home/s430452/advanced_sequencing_informatics_and_genome_assembly/assignment/raw_data/HS7_R1.fastq.gz - Number of reads: 2475000
File: /mnt/beegfs/home/s430452/advanced_sequencing_informatics_and_genome_assembly/assignment/raw_data/HS7_R1.fastq.gz - Number of bases: Sum: 249975000
File: /mnt/beegfs/home/s430452/advanced_sequencing_informatics_and_genome_assembly/assignment/raw_data/HS7_R2.fastq.gz - Number of reads: 2475000
File: /mnt/beegfs/home/s430452/advanced_sequencing_informatics_and_genome_assembly/assignment/raw_data/HS7_R2.fastq.gz - Number of bases: Sum: 249975000

Descriptive statistics for PacBio fasta file:
File: /mnt/beegfs/home/s430452/advanced_sequencing_informatics_and_genome_assembly/assignment/raw_data/HS7_pacbioData.fastq.gz - Number of reads: 33413
File: /mnt/beegfs/home/s430452/advanced_sequencing_informatics_and_genome_assembly/assignment/raw_data/HS7_pacbioData.fastq.gz - Number of bases: Sum: 49968121

Done
Wed Jan 28 07:56:15 GMT 2026
