Started script
Sat Jan 24 09:07:04 GMT 2026

apptainer version 1.1.3-1.el8
Running SOAPdenovo2 denovo assembly with k=70. Using configuration file:
[LIB]
avg_ins=180
reverse_seq=0
asm_flags=1
rank=1
q1=/mnt/beegfs/home/s430452/advanced_sequencing_informatics_and_genome_assembly/assignment/kmer/soap_ec/kmer_17/HS7_R1.fastq.gz.cor.pair_1.fq.gz
q2=/mnt/beegfs/home/s430452/advanced_sequencing_informatics_and_genome_assembly/assignment/kmer/soap_ec/kmer_17/HS7_R2.fastq.gz.cor.pair_2.fq.gz
Results will be stored in: /mnt/beegfs/home/s430452/advanced_sequencing_informatics_and_genome_assembly/assignment//assembly/soap_denono_2/kmer_70/HS7_R1.fastq.gz.cor

Version 2.04: released on July 13th, 2012
Compile Jul  9 2013	11:57:30
********************
SparsePregraph
********************

Parameters: pregraph_sparse -s /mnt/beegfs/home/s430452/advanced_sequencing_informatics_and_genome_assembly/assignment//scripts/soapPE.conf -K 69 -g 15 -z 5000000 -d 1 -e 1 -r 0 -p 4 -o HS7_R1.fastq.gz.cor_pregraph

Start to build the sparse de Brujin graph, round: 1
1 io thread initialized.
Import reads from file:
 /mnt/beegfs/home/s430452/advanced_sequencing_informatics_and_genome_assembly/assignment/kmer/soap_ec/kmer_17/HS7_R1.fastq.gz.cor.pair_1.fq.gz
4 work threads initialized.
Import reads from file:
 /mnt/beegfs/home/s430452/advanced_sequencing_informatics_and_genome_assembly/assignment/kmer/soap_ec/kmer_17/HS7_R2.fastq.gz.cor.pair_2.fq.gz
Time spent on building graph round 1: 22s, 4571328 reads processed, 1202455 nodes allocated

Start to build the sparse de Brujin graph, round: 2
1 io thread initialized.
Import reads from file:
 /mnt/beegfs/home/s430452/advanced_sequencing_informatics_and_genome_assembly/assignment/kmer/soap_ec/kmer_17/HS7_R1.fastq.gz.cor.pair_1.fq.gz
4 work threads initialized.
Import reads from file:
 /mnt/beegfs/home/s430452/advanced_sequencing_informatics_and_genome_assembly/assignment/kmer/soap_ec/kmer_17/HS7_R2.fastq.gz.cor.pair_2.fq.gz
Time spent on building graph round 2: 17s, 4571328 reads processed
1202455 nodes allocated, 2169363 kmer-edges allocated.

Start to remove weak nodes and kmer-edges.
559182 nodes removed.
1771821 edges removed.

Start to remove tips with minority links.
Total nodes number: 643273
Linear nodes number: 473641
19628 tips removed in cycle 1.

Total nodes number: 643273
Linear nodes number: 486316
62 tips removed in cycle 2.

Total nodes number: 643273
Linear nodes number: 486302
2 tips removed in cycle 3.

Total nodes number: 643273
Linear nodes number: 486301
Total 19692 tips removed.
Time spent on removing tips: 0s.

Start to construct edges.
21142 edges and 7828 vertexes constructed.
Time spent on constructing edges: 3s.

Start to build vertex indexes.
Time spent on building vertex indexes: 0s.

Start to build preArcs.
1 io thread initialized.
4 work threads initialized.
Import reads from file:
 /mnt/beegfs/home/s430452/advanced_sequencing_informatics_and_genome_assembly/assignment/kmer/soap_ec/kmer_17/HS7_R1.fastq.gz.cor.pair_1.fq.gz
Import reads from file:
 /mnt/beegfs/home/s430452/advanced_sequencing_informatics_and_genome_assembly/assignment/kmer/soap_ec/kmer_17/HS7_R2.fastq.gz.cor.pair_2.fq.gz
Time spent on building preArcs: 17s.

Overall time spent on constructing lightgraph: 1m.

Version 2.04: released on July 13th, 2012
Compile Jul  9 2013	11:57:30

********************
Contig
********************

Parameters: contig -g HS7_R1.fastq.gz.cor_pregraph -s /mnt/beegfs/home/s430452/advanced_sequencing_informatics_and_genome_assembly/assignment//scripts/soapPE.conf -p 4 

There are 7828 kmer(s) in vertex file.
There are 21142 edge(s) in edge file.
Kmers sorted.
21142 edge(s) input.
26428 pre-arcs loaded.
5348 none-palindrome edge(s) swapped, 0 palindrome edge(s) processed.
21142 edge(s) sorted.
Arcs sorted.
Start to pinch bubbles, cutoff 0.100000, MAX NODE NUM 3, MAX DIFF NUM 2.
1306 start points, 10775 dheap nodes.
2916 pair(s) found, 2091 pair of path(s) compared, 2038 pair(s) merged.
Sequence comparison failed:
 Path crossing deleted edge                         0
 Length difference of two paths greater than two    39
 Mismatch score greater than cutoff (2)             10
 Mismatch score ratio greater than cutoff (0.1)     0
 Path length shorter than (Kmer-1)                  4
DFibHeap: 204 node(s) allocated.
4020 edge(s) concatenated in cycle 1.
413 edge(s) concatenated in cycle 2.
8 edge(s) concatenated in cycle 3.
0 edge(s) concatenated in cycle 4.
Time spent on pinching bubbles: 0s.
Start to destroy weak inner edges.
0 weak inner edge(s) destroyed in cycle 1.
0 dead arc(s) removed.
0 inner edge(s) with coverage lower than or equal to 1 destroyed.
0 dead arc(s) removed.
0 edge(s) concatenated in cycle 1.
Before compacting, 21142 edge(s) existed.
After compacting, 8184 edge(s) left.

Strict: 0, cutoff length: 138.
498 tips cut in cycle 1.
9 tips cut in cycle 2.
0 tips cut in cycle 3.
496 dead arc(s) removed.
450 edge(s) concatenated in cycle 1.
16 edge(s) concatenated in cycle 2.
0 edge(s) concatenated in cycle 3.
Before compacting, 8184 edge(s) existed.
After compacting, 6238 edge(s) left.

There are 2388 contig(s) longer than 100, sum up 5130627 bp, with average length 2148.
The longest length is 51765 bp, contig N50 is 8948 bp,contig N90 is 1558 bp.
3119 contig(s) longer than 70 output.

Time spent on constructing contig: 0m.

Done
Sat Jan 24 09:08:07 GMT 2026
