Started script
Sat Jan 24 09:06:39 GMT 2026

apptainer version 1.1.3-1.el8
Running SOAPdenovo2 denovo assembly with k=50. Using configuration file:
[LIB]
avg_ins=180
reverse_seq=0
asm_flags=1
rank=1
q1=/mnt/beegfs/home/s430452/advanced_sequencing_informatics_and_genome_assembly/assignment/kmer/soap_ec/kmer_17/HS7_R1.fastq.gz.cor.pair_1.fq.gz
q2=/mnt/beegfs/home/s430452/advanced_sequencing_informatics_and_genome_assembly/assignment/kmer/soap_ec/kmer_17/HS7_R2.fastq.gz.cor.pair_2.fq.gz
Results will be stored in: /mnt/beegfs/home/s430452/advanced_sequencing_informatics_and_genome_assembly/assignment//assembly/soap_denono_2/kmer_50/HS7_R1.fastq.gz.cor

Version 2.04: released on July 13th, 2012
Compile Jul  9 2013	11:57:16
********************
SparsePregraph
********************

Parameters: pregraph_sparse -s /mnt/beegfs/home/s430452/advanced_sequencing_informatics_and_genome_assembly/assignment//scripts/soapPE.conf -K 49 -g 15 -z 5000000 -d 1 -e 1 -r 0 -p 4 -o HS7_R1.fastq.gz.cor_pregraph

Start to build the sparse de Brujin graph, round: 1
1 io thread initialized.
Import reads from file:
 /mnt/beegfs/home/s430452/advanced_sequencing_informatics_and_genome_assembly/assignment/kmer/soap_ec/kmer_17/HS7_R1.fastq.gz.cor.pair_1.fq.gz
4 work threads initialized.
Import reads from file:
 /mnt/beegfs/home/s430452/advanced_sequencing_informatics_and_genome_assembly/assignment/kmer/soap_ec/kmer_17/HS7_R2.fastq.gz.cor.pair_2.fq.gz
Time spent on building graph round 1: 26s, 4571328 reads processed, 1176477 nodes allocated

Start to build the sparse de Brujin graph, round: 2
1 io thread initialized.
Import reads from file:
 /mnt/beegfs/home/s430452/advanced_sequencing_informatics_and_genome_assembly/assignment/kmer/soap_ec/kmer_17/HS7_R1.fastq.gz.cor.pair_1.fq.gz
4 work threads initialized.
Import reads from file:
 /mnt/beegfs/home/s430452/advanced_sequencing_informatics_and_genome_assembly/assignment/kmer/soap_ec/kmer_17/HS7_R2.fastq.gz.cor.pair_2.fq.gz
Time spent on building graph round 2: 26s, 4571328 reads processed
1176477 nodes allocated, 2475419 kmer-edges allocated.

Start to remove weak nodes and kmer-edges.
428005 nodes removed.
1707095 edges removed.

Start to remove tips with minority links.
Total nodes number: 748472
Linear nodes number: 497585
76742 tips removed in cycle 1.

Total nodes number: 748472
Linear nodes number: 517647
133 tips removed in cycle 2.

Total nodes number: 748472
Linear nodes number: 517569
2 tips removed in cycle 3.

Total nodes number: 748472
Linear nodes number: 517567
Total 76877 tips removed.
Time spent on removing tips: 0s.

Start to construct edges.
49990 edges and 16120 vertexes constructed.
Time spent on constructing edges: 3s.

Start to build vertex indexes.
Time spent on building vertex indexes: 0s.

Start to build preArcs.
1 io thread initialized.
4 work threads initialized.
Import reads from file:
 /mnt/beegfs/home/s430452/advanced_sequencing_informatics_and_genome_assembly/assignment/kmer/soap_ec/kmer_17/HS7_R1.fastq.gz.cor.pair_1.fq.gz
Import reads from file:
 /mnt/beegfs/home/s430452/advanced_sequencing_informatics_and_genome_assembly/assignment/kmer/soap_ec/kmer_17/HS7_R2.fastq.gz.cor.pair_2.fq.gz
Time spent on building preArcs: 22s.

Overall time spent on constructing lightgraph: 1m.

Version 2.04: released on July 13th, 2012
Compile Jul  9 2013	11:57:16

********************
Contig
********************

Parameters: contig -g HS7_R1.fastq.gz.cor_pregraph -s /mnt/beegfs/home/s430452/advanced_sequencing_informatics_and_genome_assembly/assignment//scripts/soapPE.conf -p 4 

There are 16120 kmer(s) in vertex file.
There are 49990 edge(s) in edge file.
Kmers sorted.
49990 edge(s) input.
66702 pre-arcs loaded.
12548 none-palindrome edge(s) swapped, 0 palindrome edge(s) processed.
49990 edge(s) sorted.
Arcs sorted.
Start to pinch bubbles, cutoff 0.100000, MAX NODE NUM 3, MAX DIFF NUM 2.
40 start points, 44365 dheap nodes.
10819 pair(s) found, 6119 pair of path(s) compared, 5876 pair(s) merged.
Sequence comparison failed:
 Path crossing deleted edge                         0
 Length difference of two paths greater than two    198
 Mismatch score greater than cutoff (2)             26
 Mismatch score ratio greater than cutoff (0.1)     0
 Path length shorter than (Kmer-1)                  19
DFibHeap: 2048 node(s) allocated.
10695 edge(s) concatenated in cycle 1.
1326 edge(s) concatenated in cycle 2.
74 edge(s) concatenated in cycle 3.
0 edge(s) concatenated in cycle 4.
Time spent on pinching bubbles: 1s.
Start to destroy weak inner edges.
36 weak inner edge(s) destroyed in cycle 1.
0 weak inner edge(s) destroyed in cycle 2.
72 dead arc(s) removed.
0 inner edge(s) with coverage lower than or equal to 1 destroyed.
0 dead arc(s) removed.
46 edge(s) concatenated in cycle 1.
0 edge(s) concatenated in cycle 2.
Before compacting, 49990 edge(s) existed.
After compacting, 13878 edge(s) left.

Strict: 0, cutoff length: 98.
829 tips cut in cycle 1.
26 tips cut in cycle 2.
0 tips cut in cycle 3.
844 dead arc(s) removed.
547 edge(s) concatenated in cycle 1.
1 edge(s) concatenated in cycle 2.
0 edge(s) concatenated in cycle 3.
Before compacting, 13878 edge(s) existed.
After compacting, 11072 edge(s) left.

There are 2166 contig(s) longer than 100, sum up 5035095 bp, with average length 2324.
The longest length is 65444 bp, contig N50 is 10934 bp,contig N90 is 2496 bp.
5538 contig(s) longer than 50 output.

Time spent on constructing contig: 0m.

Done
Sat Jan 24 09:08:00 GMT 2026
