Started script
Sat Jan 24 10:52:56 GMT 2026

apptainer version 1.1.3-1.el8
Running ALE assembly evaluation for sample: HS7_R1.fastq.gz.cor
Results will be saved to: /mnt/beegfs/home/s430452/advanced_sequencing_informatics_and_genome_assembly/assignment//assembly_qc/ale/kmer_58/HS7_R1.fastq.gz.cor
[bwa_index] Pack FASTA... 0.04 sec
[bwa_index] Construct BWT for the packed sequence...
[bwa_index] 1.07 seconds elapse.
[bwa_index] Update BWT... 0.02 sec
[bwa_index] Pack forward-only FASTA... 0.02 sec
[bwa_index] Construct SA from BWT and Occ... 0.51 sec
[main] Version: 0.7.17-r1194-dirty
[main] CMD: /usr/local/bin/bwa index /mnt/beegfs/home/s430452/advanced_sequencing_informatics_and_genome_assembly/assignment/assembly/soap_denono_2/kmer_58/HS7_R1.fastq.gz.cor/HS7_R1.fastq.gz.cor_pregraph.contig
[main] Real time: 1.729 sec; CPU: 1.691 sec
[M::bwa_idx_load_from_disk] read 0 ALT contigs
[M::process] read 108822 sequences (10000135 bp)...
[M::process] read 108892 sequences (10000051 bp)...
[M::mem_pestat] # candidate unique pairs for (FF, FR, RF, RR): (0, 51004, 0, 0)
[M::mem_pestat] skip orientation FF as there are not enough pairs
[M::mem_pestat] analyzing insert size distribution for orientation FR...
[M::mem_pestat] (25, 50, 75) percentile: (316, 341, 366)
[M::mem_pestat] low and high boundaries for computing mean and std.dev: (216, 466)
[M::mem_pestat] mean and std.dev: (340.81, 37.36)
[M::mem_pestat] low and high boundaries for proper pairs: (166, 516)
[M::mem_pestat] skip orientation RF as there are not enough pairs
[M::mem_pestat] skip orientation RR as there are not enough pairs
[M::mem_process_seqs] Processed 108822 reads in 4.449 CPU sec, 4.268 real sec
[M::process] read 108900 sequences (10000181 bp)...
[M::mem_pestat] # candidate unique pairs for (FF, FR, RF, RR): (0, 50991, 0, 0)
[M::mem_pestat] skip orientation FF as there are not enough pairs
[M::mem_pestat] analyzing insert size distribution for orientation FR...
[M::mem_pestat] (25, 50, 75) percentile: (316, 341, 366)
[M::mem_pestat] low and high boundaries for computing mean and std.dev: (216, 466)
[M::mem_pestat] mean and std.dev: (340.66, 37.24)
[M::mem_pestat] low and high boundaries for proper pairs: (166, 516)
[M::mem_pestat] skip orientation RF as there are not enough pairs
[M::mem_pestat] skip orientation RR as there are not enough pairs
[M::mem_process_seqs] Processed 108892 reads in 4.709 CPU sec, 4.460 real sec
[M::process] read 108940 sequences (10000037 bp)...
[M::mem_pestat] # candidate unique pairs for (FF, FR, RF, RR): (0, 50916, 0, 0)
[M::mem_pestat] skip orientation FF as there are not enough pairs
[M::mem_pestat] analyzing insert size distribution for orientation FR...
[M::mem_pestat] (25, 50, 75) percentile: (315, 341, 366)
[M::mem_pestat] low and high boundaries for computing mean and std.dev: (213, 468)
[M::mem_pestat] mean and std.dev: (340.45, 37.40)
[M::mem_pestat] low and high boundaries for proper pairs: (162, 519)
[M::mem_pestat] skip orientation RF as there are not enough pairs
[M::mem_pestat] skip orientation RR as there are not enough pairs
[M::mem_process_seqs] Processed 108900 reads in 4.779 CPU sec, 4.510 real sec
[M::process] read 108872 sequences (10000177 bp)...
[M::mem_pestat] # candidate unique pairs for (FF, FR, RF, RR): (0, 51064, 0, 0)
[M::mem_pestat] skip orientation FF as there are not enough pairs
[M::mem_pestat] analyzing insert size distribution for orientation FR...
[M::mem_pestat] (25, 50, 75) percentile: (316, 341, 366)
[M::mem_pestat] low and high boundaries for computing mean and std.dev: (216, 466)
[M::mem_pestat] mean and std.dev: (340.46, 37.42)
[M::mem_pestat] low and high boundaries for proper pairs: (166, 516)
[M::mem_pestat] skip orientation RF as there are not enough pairs
[M::mem_pestat] skip orientation RR as there are not enough pairs
[M::mem_process_seqs] Processed 108940 reads in 4.722 CPU sec, 4.440 real sec
[M::process] read 108882 sequences (10000155 bp)...
[M::mem_pestat] # candidate unique pairs for (FF, FR, RF, RR): (0, 50959, 0, 0)
[M::mem_pestat] skip orientation FF as there are not enough pairs
[M::mem_pestat] analyzing insert size distribution for orientation FR...
[M::mem_pestat] (25, 50, 75) percentile: (316, 341, 366)
[M::mem_pestat] low and high boundaries for computing mean and std.dev: (216, 466)
[M::mem_pestat] mean and std.dev: (340.49, 37.08)
[M::mem_pestat] low and high boundaries for proper pairs: (166, 516)
[M::mem_pestat] skip orientation RF as there are not enough pairs
[M::mem_pestat] skip orientation RR as there are not enough pairs
[M::mem_process_seqs] Processed 108872 reads in 4.729 CPU sec, 4.457 real sec
[M::process] read 108836 sequences (10000045 bp)...
[M::mem_pestat] # candidate unique pairs for (FF, FR, RF, RR): (0, 51000, 0, 0)
[M::mem_pestat] skip orientation FF as there are not enough pairs
[M::mem_pestat] analyzing insert size distribution for orientation FR...
[M::mem_pestat] (25, 50, 75) percentile: (316, 342, 366)
[M::mem_pestat] low and high boundaries for computing mean and std.dev: (216, 466)
[M::mem_pestat] mean and std.dev: (340.79, 37.18)
[M::mem_pestat] low and high boundaries for proper pairs: (166, 516)
[M::mem_pestat] skip orientation RF as there are not enough pairs
[M::mem_pestat] skip orientation RR as there are not enough pairs
[M::mem_process_seqs] Processed 108882 reads in 4.690 CPU sec, 4.448 real sec
[M::process] read 108892 sequences (10000025 bp)...
[M::mem_pestat] # candidate unique pairs for (FF, FR, RF, RR): (0, 50917, 0, 0)
[M::mem_pestat] skip orientation FF as there are not enough pairs
[M::mem_pestat] analyzing insert size distribution for orientation FR...
[M::mem_pestat] (25, 50, 75) percentile: (316, 341, 366)
[M::mem_pestat] low and high boundaries for computing mean and std.dev: (216, 466)
[M::mem_pestat] mean and std.dev: (340.72, 37.17)
[M::mem_pestat] low and high boundaries for proper pairs: (166, 516)
[M::mem_pestat] skip orientation RF as there are not enough pairs
[M::mem_pestat] skip orientation RR as there are not enough pairs
[M::mem_process_seqs] Processed 108836 reads in 4.698 CPU sec, 4.451 real sec
[M::process] read 108950 sequences (10000050 bp)...
[M::mem_pestat] # candidate unique pairs for (FF, FR, RF, RR): (0, 51153, 0, 0)
[M::mem_pestat] skip orientation FF as there are not enough pairs
[M::mem_pestat] analyzing insert size distribution for orientation FR...
[M::mem_pestat] (25, 50, 75) percentile: (315, 341, 366)
[M::mem_pestat] low and high boundaries for computing mean and std.dev: (213, 468)
[M::mem_pestat] mean and std.dev: (340.53, 37.47)
[M::mem_pestat] low and high boundaries for proper pairs: (162, 519)
[M::mem_pestat] skip orientation RF as there are not enough pairs
[M::mem_pestat] skip orientation RR as there are not enough pairs
[M::mem_process_seqs] Processed 108892 reads in 4.643 CPU sec, 4.394 real sec
[M::process] read 108874 sequences (10000128 bp)...
[M::mem_pestat] # candidate unique pairs for (FF, FR, RF, RR): (0, 51167, 0, 0)
[M::mem_pestat] skip orientation FF as there are not enough pairs
[M::mem_pestat] analyzing insert size distribution for orientation FR...
[M::mem_pestat] (25, 50, 75) percentile: (315, 341, 366)
[M::mem_pestat] low and high boundaries for computing mean and std.dev: (213, 468)
[M::mem_pestat] mean and std.dev: (340.45, 37.48)
[M::mem_pestat] low and high boundaries for proper pairs: (162, 519)
[M::mem_pestat] skip orientation RF as there are not enough pairs
[M::mem_pestat] skip orientation RR as there are not enough pairs
[M::mem_process_seqs] Processed 108950 reads in 4.660 CPU sec, 4.403 real sec
[M::process] read 108950 sequences (10000135 bp)...
[M::mem_pestat] # candidate unique pairs for (FF, FR, RF, RR): (0, 51181, 0, 0)
[M::mem_pestat] skip orientation FF as there are not enough pairs
[M::mem_pestat] analyzing insert size distribution for orientation FR...
[M::mem_pestat] (25, 50, 75) percentile: (315, 341, 366)
[M::mem_pestat] low and high boundaries for computing mean and std.dev: (213, 468)
[M::mem_pestat] mean and std.dev: (340.34, 37.41)
[M::mem_pestat] low and high boundaries for proper pairs: (162, 519)
[M::mem_pestat] skip orientation RF as there are not enough pairs
[M::mem_pestat] skip orientation RR as there are not enough pairs
[M::mem_process_seqs] Processed 108874 reads in 4.605 CPU sec, 4.368 real sec
[M::process] read 108950 sequences (10000110 bp)...
[M::mem_pestat] # candidate unique pairs for (FF, FR, RF, RR): (0, 51087, 0, 0)
[M::mem_pestat] skip orientation FF as there are not enough pairs
[M::mem_pestat] analyzing insert size distribution for orientation FR...
[M::mem_pestat] (25, 50, 75) percentile: (316, 341, 366)
[M::mem_pestat] low and high boundaries for computing mean and std.dev: (216, 466)
[M::mem_pestat] mean and std.dev: (340.50, 37.34)
[M::mem_pestat] low and high boundaries for proper pairs: (166, 516)
[M::mem_pestat] skip orientation RF as there are not enough pairs
[M::mem_pestat] skip orientation RR as there are not enough pairs
[M::mem_process_seqs] Processed 108950 reads in 4.679 CPU sec, 4.420 real sec
[M::process] read 108876 sequences (10000193 bp)...
[M::mem_pestat] # candidate unique pairs for (FF, FR, RF, RR): (0, 51010, 0, 0)
[M::mem_pestat] skip orientation FF as there are not enough pairs
[M::mem_pestat] analyzing insert size distribution for orientation FR...
[M::mem_pestat] (25, 50, 75) percentile: (316, 341, 366)
[M::mem_pestat] low and high boundaries for computing mean and std.dev: (216, 466)
[M::mem_pestat] mean and std.dev: (340.69, 37.42)
[M::mem_pestat] low and high boundaries for proper pairs: (166, 516)
[M::mem_pestat] skip orientation RF as there are not enough pairs
[M::mem_pestat] skip orientation RR as there are not enough pairs
[M::mem_process_seqs] Processed 108950 reads in 4.721 CPU sec, 4.465 real sec
[M::process] read 108894 sequences (10000131 bp)...
[M::mem_pestat] # candidate unique pairs for (FF, FR, RF, RR): (0, 50990, 0, 0)
[M::mem_pestat] skip orientation FF as there are not enough pairs
[M::mem_pestat] analyzing insert size distribution for orientation FR...
[M::mem_pestat] (25, 50, 75) percentile: (316, 341, 366)
[M::mem_pestat] low and high boundaries for computing mean and std.dev: (216, 466)
[M::mem_pestat] mean and std.dev: (340.80, 37.38)
[M::mem_pestat] low and high boundaries for proper pairs: (166, 516)
[M::mem_pestat] skip orientation RF as there are not enough pairs
[M::mem_pestat] skip orientation RR as there are not enough pairs
[M::mem_process_seqs] Processed 108876 reads in 4.698 CPU sec, 4.416 real sec
[M::process] read 108870 sequences (10000106 bp)...
[M::mem_pestat] # candidate unique pairs for (FF, FR, RF, RR): (0, 51039, 0, 0)
[M::mem_pestat] skip orientation FF as there are not enough pairs
[M::mem_pestat] analyzing insert size distribution for orientation FR...
[M::mem_pestat] (25, 50, 75) percentile: (316, 341, 366)
[M::mem_pestat] low and high boundaries for computing mean and std.dev: (216, 466)
[M::mem_pestat] mean and std.dev: (340.52, 37.35)
[M::mem_pestat] low and high boundaries for proper pairs: (166, 516)
[M::mem_pestat] skip orientation RF as there are not enough pairs
[M::mem_pestat] skip orientation RR as there are not enough pairs
[M::mem_process_seqs] Processed 108894 reads in 4.649 CPU sec, 4.389 real sec
[M::process] read 108818 sequences (10000133 bp)...
[M::mem_pestat] # candidate unique pairs for (FF, FR, RF, RR): (0, 51056, 0, 0)
[M::mem_pestat] skip orientation FF as there are not enough pairs
[M::mem_pestat] analyzing insert size distribution for orientation FR...
[M::mem_pestat] (25, 50, 75) percentile: (316, 341, 366)
[M::mem_pestat] low and high boundaries for computing mean and std.dev: (216, 466)
[M::mem_pestat] mean and std.dev: (340.65, 37.30)
[M::mem_pestat] low and high boundaries for proper pairs: (166, 516)
[M::mem_pestat] skip orientation RF as there are not enough pairs
[M::mem_pestat] skip orientation RR as there are not enough pairs
[M::mem_process_seqs] Processed 108870 reads in 4.696 CPU sec, 4.436 real sec
[M::process] read 108800 sequences (10000051 bp)...
[M::mem_pestat] # candidate unique pairs for (FF, FR, RF, RR): (0, 51037, 0, 0)
[M::mem_pestat] skip orientation FF as there are not enough pairs
[M::mem_pestat] analyzing insert size distribution for orientation FR...
[M::mem_pestat] (25, 50, 75) percentile: (316, 341, 366)
[M::mem_pestat] low and high boundaries for computing mean and std.dev: (216, 466)
[M::mem_pestat] mean and std.dev: (340.58, 37.27)
[M::mem_pestat] low and high boundaries for proper pairs: (166, 516)
[M::mem_pestat] skip orientation RF as there are not enough pairs
[M::mem_pestat] skip orientation RR as there are not enough pairs
[M::mem_process_seqs] Processed 108818 reads in 4.713 CPU sec, 4.447 real sec
[M::process] read 108866 sequences (10000124 bp)...
[M::mem_pestat] # candidate unique pairs for (FF, FR, RF, RR): (0, 50985, 0, 0)
[M::mem_pestat] skip orientation FF as there are not enough pairs
[M::mem_pestat] analyzing insert size distribution for orientation FR...
[M::mem_pestat] (25, 50, 75) percentile: (316, 341, 366)
[M::mem_pestat] low and high boundaries for computing mean and std.dev: (216, 466)
[M::mem_pestat] mean and std.dev: (340.64, 37.21)
[M::mem_pestat] low and high boundaries for proper pairs: (166, 516)
[M::mem_pestat] skip orientation RF as there are not enough pairs
[M::mem_pestat] skip orientation RR as there are not enough pairs
[M::mem_process_seqs] Processed 108800 reads in 4.767 CPU sec, 4.509 real sec
[M::process] read 108810 sequences (10000023 bp)...
[M::mem_pestat] # candidate unique pairs for (FF, FR, RF, RR): (0, 51059, 0, 0)
[M::mem_pestat] skip orientation FF as there are not enough pairs
[M::mem_pestat] analyzing insert size distribution for orientation FR...
[M::mem_pestat] (25, 50, 75) percentile: (316, 341, 366)
[M::mem_pestat] low and high boundaries for computing mean and std.dev: (216, 466)
[M::mem_pestat] mean and std.dev: (340.60, 37.36)
[M::mem_pestat] low and high boundaries for proper pairs: (166, 516)
[M::mem_pestat] skip orientation RF as there are not enough pairs
[M::mem_pestat] skip orientation RR as there are not enough pairs
[M::mem_process_seqs] Processed 108866 reads in 4.639 CPU sec, 4.403 real sec
[M::process] read 108810 sequences (10000147 bp)...
[M::mem_pestat] # candidate unique pairs for (FF, FR, RF, RR): (0, 50963, 0, 0)
[M::mem_pestat] skip orientation FF as there are not enough pairs
[M::mem_pestat] analyzing insert size distribution for orientation FR...
[M::mem_pestat] (25, 50, 75) percentile: (315, 341, 366)
[M::mem_pestat] low and high boundaries for computing mean and std.dev: (213, 468)
[M::mem_pestat] mean and std.dev: (340.47, 37.39)
[M::mem_pestat] low and high boundaries for proper pairs: (162, 519)
[M::mem_pestat] skip orientation RF as there are not enough pairs
[M::mem_pestat] skip orientation RR as there are not enough pairs
[M::mem_process_seqs] Processed 108810 reads in 4.688 CPU sec, 4.418 real sec
[M::process] read 108866 sequences (10000115 bp)...
[M::mem_pestat] # candidate unique pairs for (FF, FR, RF, RR): (0, 51054, 0, 0)
[M::mem_pestat] skip orientation FF as there are not enough pairs
[M::mem_pestat] analyzing insert size distribution for orientation FR...
[M::mem_pestat] (25, 50, 75) percentile: (316, 341, 366)
[M::mem_pestat] low and high boundaries for computing mean and std.dev: (216, 466)
[M::mem_pestat] mean and std.dev: (340.92, 37.31)
[M::mem_pestat] low and high boundaries for proper pairs: (166, 516)
[M::mem_pestat] skip orientation RF as there are not enough pairs
[M::mem_pestat] skip orientation RR as there are not enough pairs
[M::mem_process_seqs] Processed 108810 reads in 4.709 CPU sec, 4.466 real sec
[M::process] read 108854 sequences (10000183 bp)...
[M::mem_pestat] # candidate unique pairs for (FF, FR, RF, RR): (0, 50986, 0, 0)
[M::mem_pestat] skip orientation FF as there are not enough pairs
[M::mem_pestat] analyzing insert size distribution for orientation FR...
[M::mem_pestat] (25, 50, 75) percentile: (316, 341, 366)
[M::mem_pestat] low and high boundaries for computing mean and std.dev: (216, 466)
[M::mem_pestat] mean and std.dev: (340.53, 37.45)
[M::mem_pestat] low and high boundaries for proper pairs: (166, 516)
[M::mem_pestat] skip orientation RF as there are not enough pairs
[M::mem_pestat] skip orientation RR as there are not enough pairs
[M::mem_process_seqs] Processed 108866 reads in 4.627 CPU sec, 4.394 real sec
[M::process] read 108820 sequences (10000127 bp)...
[M::mem_pestat] # candidate unique pairs for (FF, FR, RF, RR): (0, 51045, 0, 0)
[M::mem_pestat] skip orientation FF as there are not enough pairs
[M::mem_pestat] analyzing insert size distribution for orientation FR...
[M::mem_pestat] (25, 50, 75) percentile: (315, 341, 366)
[M::mem_pestat] low and high boundaries for computing mean and std.dev: (213, 468)
[M::mem_pestat] mean and std.dev: (340.51, 37.50)
[M::mem_pestat] low and high boundaries for proper pairs: (162, 519)
[M::mem_pestat] skip orientation RF as there are not enough pairs
[M::mem_pestat] skip orientation RR as there are not enough pairs
[M::mem_process_seqs] Processed 108854 reads in 4.613 CPU sec, 4.384 real sec
[M::process] read 108872 sequences (10000062 bp)...
[M::mem_pestat] # candidate unique pairs for (FF, FR, RF, RR): (0, 50960, 0, 0)
[M::mem_pestat] skip orientation FF as there are not enough pairs
[M::mem_pestat] analyzing insert size distribution for orientation FR...
[M::mem_pestat] (25, 50, 75) percentile: (316, 341, 366)
[M::mem_pestat] low and high boundaries for computing mean and std.dev: (216, 466)
[M::mem_pestat] mean and std.dev: (340.61, 37.41)
[M::mem_pestat] low and high boundaries for proper pairs: (166, 516)
[M::mem_pestat] skip orientation RF as there are not enough pairs
[M::mem_pestat] skip orientation RR as there are not enough pairs
[M::mem_process_seqs] Processed 108820 reads in 4.678 CPU sec, 4.441 real sec
[M::process] read 108878 sequences (10000064 bp)...
[M::mem_pestat] # candidate unique pairs for (FF, FR, RF, RR): (0, 51088, 0, 0)
[M::mem_pestat] skip orientation FF as there are not enough pairs
[M::mem_pestat] analyzing insert size distribution for orientation FR...
[M::mem_pestat] (25, 50, 75) percentile: (316, 341, 366)
[M::mem_pestat] low and high boundaries for computing mean and std.dev: (216, 466)
[M::mem_pestat] mean and std.dev: (340.66, 37.34)
[M::mem_pestat] low and high boundaries for proper pairs: (166, 516)
[M::mem_pestat] skip orientation RF as there are not enough pairs
[M::mem_pestat] skip orientation RR as there are not enough pairs
[M::mem_process_seqs] Processed 108872 reads in 4.638 CPU sec, 4.406 real sec
[M::process] read 108812 sequences (10000073 bp)...
[M::mem_pestat] # candidate unique pairs for (FF, FR, RF, RR): (0, 51088, 0, 0)
[M::mem_pestat] skip orientation FF as there are not enough pairs
[M::mem_pestat] analyzing insert size distribution for orientation FR...
[M::mem_pestat] (25, 50, 75) percentile: (315, 341, 366)
[M::mem_pestat] low and high boundaries for computing mean and std.dev: (213, 468)
[M::mem_pestat] mean and std.dev: (340.38, 37.65)
[M::mem_pestat] low and high boundaries for proper pairs: (162, 519)
[M::mem_pestat] skip orientation RF as there are not enough pairs
[M::mem_pestat] skip orientation RR as there are not enough pairs
[M::mem_process_seqs] Processed 108878 reads in 4.594 CPU sec, 4.354 real sec
[M::process] read 108822 sequences (10000064 bp)...
[M::mem_pestat] # candidate unique pairs for (FF, FR, RF, RR): (0, 51065, 0, 0)
[M::mem_pestat] skip orientation FF as there are not enough pairs
[M::mem_pestat] analyzing insert size distribution for orientation FR...
[M::mem_pestat] (25, 50, 75) percentile: (315, 341, 366)
[M::mem_pestat] low and high boundaries for computing mean and std.dev: (213, 468)
[M::mem_pestat] mean and std.dev: (340.39, 37.35)
[M::mem_pestat] low and high boundaries for proper pairs: (162, 519)
[M::mem_pestat] skip orientation RF as there are not enough pairs
[M::mem_pestat] skip orientation RR as there are not enough pairs
[M::mem_process_seqs] Processed 108812 reads in 4.688 CPU sec, 4.444 real sec
[M::process] read 108876 sequences (10000075 bp)...
[M::mem_pestat] # candidate unique pairs for (FF, FR, RF, RR): (0, 51048, 0, 0)
[M::mem_pestat] skip orientation FF as there are not enough pairs
[M::mem_pestat] analyzing insert size distribution for orientation FR...
[M::mem_pestat] (25, 50, 75) percentile: (316, 341, 366)
[M::mem_pestat] low and high boundaries for computing mean and std.dev: (216, 466)
[M::mem_pestat] mean and std.dev: (340.73, 37.40)
[M::mem_pestat] low and high boundaries for proper pairs: (166, 516)
[M::mem_pestat] skip orientation RF as there are not enough pairs
[M::mem_pestat] skip orientation RR as there are not enough pairs
[M::mem_process_seqs] Processed 108822 reads in 4.577 CPU sec, 4.342 real sec
[M::process] read 108868 sequences (10000172 bp)...
[M::mem_pestat] # candidate unique pairs for (FF, FR, RF, RR): (0, 51026, 0, 0)
[M::mem_pestat] skip orientation FF as there are not enough pairs
[M::mem_pestat] analyzing insert size distribution for orientation FR...
[M::mem_pestat] (25, 50, 75) percentile: (315, 341, 366)
[M::mem_pestat] low and high boundaries for computing mean and std.dev: (213, 468)
[M::mem_pestat] mean and std.dev: (340.64, 37.63)
[M::mem_pestat] low and high boundaries for proper pairs: (162, 519)
[M::mem_pestat] skip orientation RF as there are not enough pairs
[M::mem_pestat] skip orientation RR as there are not enough pairs
[M::mem_process_seqs] Processed 108876 reads in 4.587 CPU sec, 4.361 real sec
[M::process] read 108852 sequences (10000052 bp)...
[M::mem_pestat] # candidate unique pairs for (FF, FR, RF, RR): (0, 50977, 0, 0)
[M::mem_pestat] skip orientation FF as there are not enough pairs
[M::mem_pestat] analyzing insert size distribution for orientation FR...
[M::mem_pestat] (25, 50, 75) percentile: (316, 341, 366)
[M::mem_pestat] low and high boundaries for computing mean and std.dev: (216, 466)
[M::mem_pestat] mean and std.dev: (340.61, 37.30)
[M::mem_pestat] low and high boundaries for proper pairs: (166, 516)
[M::mem_pestat] skip orientation RF as there are not enough pairs
[M::mem_pestat] skip orientation RR as there are not enough pairs
[M::mem_process_seqs] Processed 108868 reads in 4.690 CPU sec, 4.444 real sec
[M::process] read 108916 sequences (10000072 bp)...
[M::mem_pestat] # candidate unique pairs for (FF, FR, RF, RR): (0, 50976, 0, 0)
[M::mem_pestat] skip orientation FF as there are not enough pairs
[M::mem_pestat] analyzing insert size distribution for orientation FR...
[M::mem_pestat] (25, 50, 75) percentile: (316, 341, 366)
[M::mem_pestat] low and high boundaries for computing mean and std.dev: (216, 466)
[M::mem_pestat] mean and std.dev: (340.84, 37.49)
[M::mem_pestat] low and high boundaries for proper pairs: (166, 516)
[M::mem_pestat] skip orientation RF as there are not enough pairs
[M::mem_pestat] skip orientation RR as there are not enough pairs
[M::mem_process_seqs] Processed 108852 reads in 4.666 CPU sec, 4.402 real sec
[M::process] read 108910 sequences (10000147 bp)...
[M::mem_pestat] # candidate unique pairs for (FF, FR, RF, RR): (0, 51051, 0, 0)
[M::mem_pestat] skip orientation FF as there are not enough pairs
[M::mem_pestat] analyzing insert size distribution for orientation FR...
[M::mem_pestat] (25, 50, 75) percentile: (315, 341, 366)
[M::mem_pestat] low and high boundaries for computing mean and std.dev: (213, 468)
[M::mem_pestat] mean and std.dev: (340.41, 37.49)
[M::mem_pestat] low and high boundaries for proper pairs: (162, 519)
[M::mem_pestat] skip orientation RF as there are not enough pairs
[M::mem_pestat] skip orientation RR as there are not enough pairs
[M::mem_process_seqs] Processed 108916 reads in 4.641 CPU sec, 4.382 real sec
[M::process] read 108858 sequences (10000176 bp)...
[M::mem_pestat] # candidate unique pairs for (FF, FR, RF, RR): (0, 51093, 0, 0)
[M::mem_pestat] skip orientation FF as there are not enough pairs
[M::mem_pestat] analyzing insert size distribution for orientation FR...
[M::mem_pestat] (25, 50, 75) percentile: (315, 341, 366)
[M::mem_pestat] low and high boundaries for computing mean and std.dev: (213, 468)
[M::mem_pestat] mean and std.dev: (340.48, 37.44)
[M::mem_pestat] low and high boundaries for proper pairs: (162, 519)
[M::mem_pestat] skip orientation RF as there are not enough pairs
[M::mem_pestat] skip orientation RR as there are not enough pairs
[M::mem_process_seqs] Processed 108910 reads in 4.628 CPU sec, 4.368 real sec
[M::process] read 108856 sequences (10000076 bp)...
[M::mem_pestat] # candidate unique pairs for (FF, FR, RF, RR): (0, 51098, 0, 0)
[M::mem_pestat] skip orientation FF as there are not enough pairs
[M::mem_pestat] analyzing insert size distribution for orientation FR...
[M::mem_pestat] (25, 50, 75) percentile: (316, 341, 366)
[M::mem_pestat] low and high boundaries for computing mean and std.dev: (216, 466)
[M::mem_pestat] mean and std.dev: (340.72, 37.42)
[M::mem_pestat] low and high boundaries for proper pairs: (166, 516)
[M::mem_pestat] skip orientation RF as there are not enough pairs
[M::mem_pestat] skip orientation RR as there are not enough pairs
[M::mem_process_seqs] Processed 108858 reads in 4.647 CPU sec, 4.396 real sec
[M::process] read 108854 sequences (10000059 bp)...
[M::mem_pestat] # candidate unique pairs for (FF, FR, RF, RR): (0, 51000, 0, 0)
[M::mem_pestat] skip orientation FF as there are not enough pairs
[M::mem_pestat] analyzing insert size distribution for orientation FR...
[M::mem_pestat] (25, 50, 75) percentile: (316, 341, 366)
[M::mem_pestat] low and high boundaries for computing mean and std.dev: (216, 466)
[M::mem_pestat] mean and std.dev: (340.74, 37.50)
[M::mem_pestat] low and high boundaries for proper pairs: (166, 516)
[M::mem_pestat] skip orientation RF as there are not enough pairs
[M::mem_pestat] skip orientation RR as there are not enough pairs
[M::mem_process_seqs] Processed 108856 reads in 4.633 CPU sec, 4.369 real sec
[M::process] read 108884 sequences (10000064 bp)...
[M::mem_pestat] # candidate unique pairs for (FF, FR, RF, RR): (0, 51062, 0, 0)
[M::mem_pestat] skip orientation FF as there are not enough pairs
[M::mem_pestat] analyzing insert size distribution for orientation FR...
[M::mem_pestat] (25, 50, 75) percentile: (315, 341, 366)
[M::mem_pestat] low and high boundaries for computing mean and std.dev: (213, 468)
[M::mem_pestat] mean and std.dev: (340.64, 37.36)
[M::mem_pestat] low and high boundaries for proper pairs: (162, 519)
[M::mem_pestat] skip orientation RF as there are not enough pairs
[M::mem_pestat] skip orientation RR as there are not enough pairs
[M::mem_process_seqs] Processed 108854 reads in 4.698 CPU sec, 4.434 real sec
[M::process] read 108906 sequences (10000126 bp)...
[M::mem_pestat] # candidate unique pairs for (FF, FR, RF, RR): (0, 51114, 0, 0)
[M::mem_pestat] skip orientation FF as there are not enough pairs
[M::mem_pestat] analyzing insert size distribution for orientation FR...
[M::mem_pestat] (25, 50, 75) percentile: (316, 341, 366)
[M::mem_pestat] low and high boundaries for computing mean and std.dev: (216, 466)
[M::mem_pestat] mean and std.dev: (340.72, 37.24)
[M::mem_pestat] low and high boundaries for proper pairs: (166, 516)
[M::mem_pestat] skip orientation RF as there are not enough pairs
[M::mem_pestat] skip orientation RR as there are not enough pairs
[M::mem_process_seqs] Processed 108884 reads in 4.632 CPU sec, 4.372 real sec
[M::process] read 108872 sequences (10000182 bp)...
[M::mem_pestat] # candidate unique pairs for (FF, FR, RF, RR): (0, 50996, 0, 0)
[M::mem_pestat] skip orientation FF as there are not enough pairs
[M::mem_pestat] analyzing insert size distribution for orientation FR...
[M::mem_pestat] (25, 50, 75) percentile: (316, 341, 366)
[M::mem_pestat] low and high boundaries for computing mean and std.dev: (216, 466)
[M::mem_pestat] mean and std.dev: (340.43, 37.27)
[M::mem_pestat] low and high boundaries for proper pairs: (166, 516)
[M::mem_pestat] skip orientation RF as there are not enough pairs
[M::mem_pestat] skip orientation RR as there are not enough pairs
[M::mem_process_seqs] Processed 108906 reads in 4.566 CPU sec, 4.325 real sec
[M::process] read 108874 sequences (10000133 bp)...
[M::mem_pestat] # candidate unique pairs for (FF, FR, RF, RR): (0, 51066, 0, 0)
[M::mem_pestat] skip orientation FF as there are not enough pairs
[M::mem_pestat] analyzing insert size distribution for orientation FR...
[M::mem_pestat] (25, 50, 75) percentile: (316, 341, 367)
[M::mem_pestat] low and high boundaries for computing mean and std.dev: (214, 469)
[M::mem_pestat] mean and std.dev: (341.07, 37.28)
[M::mem_pestat] low and high boundaries for proper pairs: (163, 520)
[M::mem_pestat] skip orientation RF as there are not enough pairs
[M::mem_pestat] skip orientation RR as there are not enough pairs
[M::mem_process_seqs] Processed 108872 reads in 4.606 CPU sec, 4.373 real sec
[M::process] read 108894 sequences (10000178 bp)...
[M::mem_pestat] # candidate unique pairs for (FF, FR, RF, RR): (0, 51084, 0, 0)
[M::mem_pestat] skip orientation FF as there are not enough pairs
[M::mem_pestat] analyzing insert size distribution for orientation FR...
[M::mem_pestat] (25, 50, 75) percentile: (316, 341, 366)
[M::mem_pestat] low and high boundaries for computing mean and std.dev: (216, 466)
[M::mem_pestat] mean and std.dev: (340.80, 37.53)
[M::mem_pestat] low and high boundaries for proper pairs: (166, 516)
[M::mem_pestat] skip orientation RF as there are not enough pairs
[M::mem_pestat] skip orientation RR as there are not enough pairs
[M::mem_process_seqs] Processed 108874 reads in 4.609 CPU sec, 4.363 real sec
[M::process] read 108974 sequences (10000192 bp)...
[M::mem_pestat] # candidate unique pairs for (FF, FR, RF, RR): (0, 50979, 0, 0)
[M::mem_pestat] skip orientation FF as there are not enough pairs
[M::mem_pestat] analyzing insert size distribution for orientation FR...
[M::mem_pestat] (25, 50, 75) percentile: (316, 341, 366)
[M::mem_pestat] low and high boundaries for computing mean and std.dev: (216, 466)
[M::mem_pestat] mean and std.dev: (340.80, 37.32)
[M::mem_pestat] low and high boundaries for proper pairs: (166, 516)
[M::mem_pestat] skip orientation RF as there are not enough pairs
[M::mem_pestat] skip orientation RR as there are not enough pairs
[M::mem_process_seqs] Processed 108894 reads in 4.730 CPU sec, 4.478 real sec
[M::process] read 107506 sequences (9886084 bp)...
[M::mem_pestat] # candidate unique pairs for (FF, FR, RF, RR): (0, 51034, 0, 0)
[M::mem_pestat] skip orientation FF as there are not enough pairs
[M::mem_pestat] analyzing insert size distribution for orientation FR...
[M::mem_pestat] (25, 50, 75) percentile: (315, 341, 366)
[M::mem_pestat] low and high boundaries for computing mean and std.dev: (213, 468)
[M::mem_pestat] mean and std.dev: (340.36, 37.38)
[M::mem_pestat] low and high boundaries for proper pairs: (162, 519)
[M::mem_pestat] skip orientation RF as there are not enough pairs
[M::mem_pestat] skip orientation RR as there are not enough pairs
[M::mem_process_seqs] Processed 108974 reads in 4.619 CPU sec, 4.359 real sec
[M::mem_pestat] # candidate unique pairs for (FF, FR, RF, RR): (0, 50386, 0, 0)
[M::mem_pestat] skip orientation FF as there are not enough pairs
[M::mem_pestat] analyzing insert size distribution for orientation FR...
[M::mem_pestat] (25, 50, 75) percentile: (316, 341, 366)
[M::mem_pestat] low and high boundaries for computing mean and std.dev: (216, 466)
[M::mem_pestat] mean and std.dev: (340.64, 37.33)
[M::mem_pestat] low and high boundaries for proper pairs: (166, 516)
[M::mem_pestat] skip orientation RF as there are not enough pairs
[M::mem_pestat] skip orientation RR as there are not enough pairs
[M::mem_process_seqs] Processed 107506 reads in 4.370 CPU sec, 4.297 real sec
[main] Version: 0.7.17-r1194-dirty
[main] CMD: bwa mem /mnt/beegfs/home/s430452/advanced_sequencing_informatics_and_genome_assembly/assignment/assembly/soap_denono_2/kmer_58/HS7_R1.fastq.gz.cor/HS7_R1.fastq.gz.cor_pregraph.contig /mnt/beegfs/home/s430452/advanced_sequencing_informatics_and_genome_assembly/assignment/kmer/soap_ec/kmer_17/HS7_R1.fastq.gz.cor.pair_1.fq.gz /mnt/beegfs/home/s430452/advanced_sequencing_informatics_and_genome_assembly/assignment/kmer/soap_ec/kmer_17/HS7_R2.fastq.gz.cor.pair_2.fq.gz
[main] Real time: 186.355 sec; CPU: 195.672 sec
[bam_sort_core] merging from 2 files...
BAM file: HS7_R1.fastq.gz.cor_aligned_sorted.bam
Assembly fasta file: /mnt/beegfs/home/s430452/advanced_sequencing_informatics_and_genome_assembly/assignment/assembly/soap_denono_2/kmer_58/HS7_R1.fastq.gz.cor/HS7_R1.fastq.gz.cor_pregraph.contig
ALE Output file: HS7_R1.fastq.gz.cor_ale_output.ale
Reading in assembly...
Reading in the map and computing statistics...
Insert length and std not given, will be calculated from input map.
Read 1000000 reads...
Read 2000000 reads...
Read 3000000 reads...
Read 4000000 reads...
Found FR sample avg insert length to be 346.431531 from 4175209 mapped reads
Found FR sample insert length std to be 35.815998
There were 4571328 total reads, 4571328 paired (4346898 properly mated), 22 proper singles, 224408 improper reads (223962 chimeric). (22 reads were unmapped)
Saved library parameters to HS7_R1.fastq.gz.cor_ale_output.ale.param
Computing read placements and depths
Read 1000000 reads...
Read 2000000 reads...
Read 3000000 reads...
Read 4000000 reads...
FR orientation with 4346898 reads, 4346898 mapped, 0 unmapped, 4346898 placed, 0 mappedButNotPlaced
RF orientation with 0 reads, 0 mapped, 0 unmapped, 0 placed, 0 mappedButNotPlaced
FF orientation with 0 reads, 0 mapped, 0 unmapped, 0 placed, 0 mappedButNotPlaced
NOT_PROPER_FR orientation with 380 reads, 380 mapped, 0 unmapped, 355 placed, 25 mappedButNotPlaced
NOT_PROPER_RF orientation with 42 reads, 42 mapped, 0 unmapped, 44 placed, -2 mappedButNotPlaced
NOT_PROPER_FF orientation with 2 reads, 2 mapped, 0 unmapped, 2 placed, 0 mappedButNotPlaced
UNMAPPED_PAIR orientation with 0 reads, 0 mapped, 0 unmapped, 0 placed, 0 mappedButNotPlaced
CHIMER orientation with 223962 reads, 223962 mapped, 0 unmapped, 223962 placed, 0 mappedButNotPlaced
SINGLE_UNMAPPED_MATE orientation with 22 reads, 22 mapped, 0 unmapped, 22 placed, 0 mappedButNotPlaced
UNMAPPED_MATE orientation with 22 reads, 0 mapped, 22 unmapped, 0 placed, 0 mappedButNotPlaced
HALF_VALID_MATE orientation with 0 reads, 0 mapped, 0 unmapped, 0 placed, 0 mappedButNotPlaced
SINGLE_READ orientation with 0 reads, 0 mapped, 0 unmapped, 0 placed, 0 mappedButNotPlaced
UNMAPPED_SINGLE orientation with 0 reads, 0 mapped, 0 unmapped, 0 placed, 0 mappedButNotPlaced
NO_READS orientation with 0 reads, 0 mapped, 0 unmapped, 0 placed, 0 mappedButNotPlaced
Total mapped reads: 4571306
Total placed reads: 4571283
Total unmapped reads: 22
Total unplaced reads: 45
Computing k-mer statistics...
Done computing k-mer statistics.
Computing depth statistics...
bases with no GC depth correction metric (small contigs): 0
unmappable bases: 0 across 0 different regions
bases with 0 coverage: 30591
Done computing depth statistics.
Computing statistics on expected missing...
Expected extra length: -38445.175604
Done computing statistics on expected missing.
Set minLogLike to: -120.0
Total ALE Score: -8273462.263066
Output is in file: HS7_R1.fastq.gz.cor_ale_output.ale
Closing input file
Done
Sat Jan 24 10:58:05 GMT 2026
