Started script
Sat Jan 24 10:52:56 GMT 2026

apptainer version 1.1.3-1.el8
Running ALE assembly evaluation for sample: HS7_R1.fastq.gz.cor
Results will be saved to: /mnt/beegfs/home/s430452/advanced_sequencing_informatics_and_genome_assembly/assignment//assembly_qc/ale/kmer_55/HS7_R1.fastq.gz.cor
[bwa_index] Pack FASTA... 0.04 sec
[bwa_index] Construct BWT for the packed sequence...
[bwa_index] 1.01 seconds elapse.
[bwa_index] Update BWT... 0.02 sec
[bwa_index] Pack forward-only FASTA... 0.02 sec
[bwa_index] Construct SA from BWT and Occ... 0.50 sec
[main] Version: 0.7.17-r1194-dirty
[main] CMD: /usr/local/bin/bwa index /mnt/beegfs/home/s430452/advanced_sequencing_informatics_and_genome_assembly/assignment/assembly/soap_denono_2/kmer_55/HS7_R1.fastq.gz.cor/HS7_R1.fastq.gz.cor_pregraph.contig
[main] Real time: 1.787 sec; CPU: 1.625 sec
[M::bwa_idx_load_from_disk] read 0 ALT contigs
[M::process] read 108822 sequences (10000135 bp)...
[M::process] read 108892 sequences (10000051 bp)...
[M::mem_pestat] # candidate unique pairs for (FF, FR, RF, RR): (0, 50831, 0, 0)
[M::mem_pestat] skip orientation FF as there are not enough pairs
[M::mem_pestat] analyzing insert size distribution for orientation FR...
[M::mem_pestat] (25, 50, 75) percentile: (316, 341, 366)
[M::mem_pestat] low and high boundaries for computing mean and std.dev: (216, 466)
[M::mem_pestat] mean and std.dev: (340.79, 37.37)
[M::mem_pestat] low and high boundaries for proper pairs: (166, 516)
[M::mem_pestat] skip orientation RF as there are not enough pairs
[M::mem_pestat] skip orientation RR as there are not enough pairs
[M::mem_process_seqs] Processed 108822 reads in 4.567 CPU sec, 4.384 real sec
[M::process] read 108900 sequences (10000181 bp)...
[M::mem_pestat] # candidate unique pairs for (FF, FR, RF, RR): (0, 50808, 0, 0)
[M::mem_pestat] skip orientation FF as there are not enough pairs
[M::mem_pestat] analyzing insert size distribution for orientation FR...
[M::mem_pestat] (25, 50, 75) percentile: (316, 341, 366)
[M::mem_pestat] low and high boundaries for computing mean and std.dev: (216, 466)
[M::mem_pestat] mean and std.dev: (340.62, 37.22)
[M::mem_pestat] low and high boundaries for proper pairs: (166, 516)
[M::mem_pestat] skip orientation RF as there are not enough pairs
[M::mem_pestat] skip orientation RR as there are not enough pairs
[M::mem_process_seqs] Processed 108892 reads in 4.881 CPU sec, 4.609 real sec
[M::process] read 108940 sequences (10000037 bp)...
[M::mem_pestat] # candidate unique pairs for (FF, FR, RF, RR): (0, 50765, 0, 0)
[M::mem_pestat] skip orientation FF as there are not enough pairs
[M::mem_pestat] analyzing insert size distribution for orientation FR...
[M::mem_pestat] (25, 50, 75) percentile: (315, 341, 366)
[M::mem_pestat] low and high boundaries for computing mean and std.dev: (213, 468)
[M::mem_pestat] mean and std.dev: (340.42, 37.40)
[M::mem_pestat] low and high boundaries for proper pairs: (162, 519)
[M::mem_pestat] skip orientation RF as there are not enough pairs
[M::mem_pestat] skip orientation RR as there are not enough pairs
[M::mem_process_seqs] Processed 108900 reads in 4.885 CPU sec, 4.603 real sec
[M::process] read 108872 sequences (10000177 bp)...
[M::mem_pestat] # candidate unique pairs for (FF, FR, RF, RR): (0, 50913, 0, 0)
[M::mem_pestat] skip orientation FF as there are not enough pairs
[M::mem_pestat] analyzing insert size distribution for orientation FR...
[M::mem_pestat] (25, 50, 75) percentile: (316, 341, 366)
[M::mem_pestat] low and high boundaries for computing mean and std.dev: (216, 466)
[M::mem_pestat] mean and std.dev: (340.41, 37.43)
[M::mem_pestat] low and high boundaries for proper pairs: (166, 516)
[M::mem_pestat] skip orientation RF as there are not enough pairs
[M::mem_pestat] skip orientation RR as there are not enough pairs
[M::mem_process_seqs] Processed 108940 reads in 4.858 CPU sec, 4.598 real sec
[M::process] read 108882 sequences (10000155 bp)...
[M::mem_pestat] # candidate unique pairs for (FF, FR, RF, RR): (0, 50824, 0, 0)
[M::mem_pestat] skip orientation FF as there are not enough pairs
[M::mem_pestat] analyzing insert size distribution for orientation FR...
[M::mem_pestat] (25, 50, 75) percentile: (316, 341, 366)
[M::mem_pestat] low and high boundaries for computing mean and std.dev: (216, 466)
[M::mem_pestat] mean and std.dev: (340.47, 37.07)
[M::mem_pestat] low and high boundaries for proper pairs: (166, 516)
[M::mem_pestat] skip orientation RF as there are not enough pairs
[M::mem_pestat] skip orientation RR as there are not enough pairs
[M::mem_process_seqs] Processed 108872 reads in 4.810 CPU sec, 4.561 real sec
[M::process] read 108836 sequences (10000045 bp)...
[M::mem_pestat] # candidate unique pairs for (FF, FR, RF, RR): (0, 50863, 0, 0)
[M::mem_pestat] skip orientation FF as there are not enough pairs
[M::mem_pestat] analyzing insert size distribution for orientation FR...
[M::mem_pestat] (25, 50, 75) percentile: (316, 342, 366)
[M::mem_pestat] low and high boundaries for computing mean and std.dev: (216, 466)
[M::mem_pestat] mean and std.dev: (340.78, 37.21)
[M::mem_pestat] low and high boundaries for proper pairs: (166, 516)
[M::mem_pestat] skip orientation RF as there are not enough pairs
[M::mem_pestat] skip orientation RR as there are not enough pairs
[M::mem_process_seqs] Processed 108882 reads in 4.861 CPU sec, 4.609 real sec
[M::process] read 108892 sequences (10000025 bp)...
[M::mem_pestat] # candidate unique pairs for (FF, FR, RF, RR): (0, 50760, 0, 0)
[M::mem_pestat] skip orientation FF as there are not enough pairs
[M::mem_pestat] analyzing insert size distribution for orientation FR...
[M::mem_pestat] (25, 50, 75) percentile: (316, 341, 366)
[M::mem_pestat] low and high boundaries for computing mean and std.dev: (216, 466)
[M::mem_pestat] mean and std.dev: (340.68, 37.18)
[M::mem_pestat] low and high boundaries for proper pairs: (166, 516)
[M::mem_pestat] skip orientation RF as there are not enough pairs
[M::mem_pestat] skip orientation RR as there are not enough pairs
[M::mem_process_seqs] Processed 108836 reads in 4.947 CPU sec, 4.676 real sec
[M::process] read 108950 sequences (10000050 bp)...
[M::mem_pestat] # candidate unique pairs for (FF, FR, RF, RR): (0, 50968, 0, 0)
[M::mem_pestat] skip orientation FF as there are not enough pairs
[M::mem_pestat] analyzing insert size distribution for orientation FR...
[M::mem_pestat] (25, 50, 75) percentile: (315, 341, 366)
[M::mem_pestat] low and high boundaries for computing mean and std.dev: (213, 468)
[M::mem_pestat] mean and std.dev: (340.49, 37.49)
[M::mem_pestat] low and high boundaries for proper pairs: (162, 519)
[M::mem_pestat] skip orientation RF as there are not enough pairs
[M::mem_pestat] skip orientation RR as there are not enough pairs
[M::mem_process_seqs] Processed 108892 reads in 4.763 CPU sec, 4.505 real sec
[M::process] read 108874 sequences (10000128 bp)...
[M::mem_pestat] # candidate unique pairs for (FF, FR, RF, RR): (0, 51023, 0, 0)
[M::mem_pestat] skip orientation FF as there are not enough pairs
[M::mem_pestat] analyzing insert size distribution for orientation FR...
[M::mem_pestat] (25, 50, 75) percentile: (315, 341, 366)
[M::mem_pestat] low and high boundaries for computing mean and std.dev: (213, 468)
[M::mem_pestat] mean and std.dev: (340.44, 37.50)
[M::mem_pestat] low and high boundaries for proper pairs: (162, 519)
[M::mem_pestat] skip orientation RF as there are not enough pairs
[M::mem_pestat] skip orientation RR as there are not enough pairs
[M::mem_process_seqs] Processed 108950 reads in 4.779 CPU sec, 4.498 real sec
[M::process] read 108950 sequences (10000135 bp)...
[M::mem_pestat] # candidate unique pairs for (FF, FR, RF, RR): (0, 51049, 0, 0)
[M::mem_pestat] skip orientation FF as there are not enough pairs
[M::mem_pestat] analyzing insert size distribution for orientation FR...
[M::mem_pestat] (25, 50, 75) percentile: (315, 341, 366)
[M::mem_pestat] low and high boundaries for computing mean and std.dev: (213, 468)
[M::mem_pestat] mean and std.dev: (340.34, 37.43)
[M::mem_pestat] low and high boundaries for proper pairs: (162, 519)
[M::mem_pestat] skip orientation RF as there are not enough pairs
[M::mem_pestat] skip orientation RR as there are not enough pairs
[M::mem_process_seqs] Processed 108874 reads in 4.766 CPU sec, 4.539 real sec
[M::process] read 108950 sequences (10000110 bp)...
[M::mem_pestat] # candidate unique pairs for (FF, FR, RF, RR): (0, 50873, 0, 0)
[M::mem_pestat] skip orientation FF as there are not enough pairs
[M::mem_pestat] analyzing insert size distribution for orientation FR...
[M::mem_pestat] (25, 50, 75) percentile: (316, 341, 366)
[M::mem_pestat] low and high boundaries for computing mean and std.dev: (216, 466)
[M::mem_pestat] mean and std.dev: (340.45, 37.34)
[M::mem_pestat] low and high boundaries for proper pairs: (166, 516)
[M::mem_pestat] skip orientation RF as there are not enough pairs
[M::mem_pestat] skip orientation RR as there are not enough pairs
[M::mem_process_seqs] Processed 108950 reads in 4.816 CPU sec, 4.545 real sec
[M::process] read 108876 sequences (10000193 bp)...
[M::mem_pestat] # candidate unique pairs for (FF, FR, RF, RR): (0, 50839, 0, 0)
[M::mem_pestat] skip orientation FF as there are not enough pairs
[M::mem_pestat] analyzing insert size distribution for orientation FR...
[M::mem_pestat] (25, 50, 75) percentile: (316, 341, 366)
[M::mem_pestat] low and high boundaries for computing mean and std.dev: (216, 466)
[M::mem_pestat] mean and std.dev: (340.62, 37.40)
[M::mem_pestat] low and high boundaries for proper pairs: (166, 516)
[M::mem_pestat] skip orientation RF as there are not enough pairs
[M::mem_pestat] skip orientation RR as there are not enough pairs
[M::mem_process_seqs] Processed 108950 reads in 4.937 CPU sec, 4.706 real sec
[M::process] read 108894 sequences (10000131 bp)...
[M::mem_pestat] # candidate unique pairs for (FF, FR, RF, RR): (0, 50841, 0, 0)
[M::mem_pestat] skip orientation FF as there are not enough pairs
[M::mem_pestat] analyzing insert size distribution for orientation FR...
[M::mem_pestat] (25, 50, 75) percentile: (316, 341, 366)
[M::mem_pestat] low and high boundaries for computing mean and std.dev: (216, 466)
[M::mem_pestat] mean and std.dev: (340.77, 37.38)
[M::mem_pestat] low and high boundaries for proper pairs: (166, 516)
[M::mem_pestat] skip orientation RF as there are not enough pairs
[M::mem_pestat] skip orientation RR as there are not enough pairs
[M::mem_process_seqs] Processed 108876 reads in 4.876 CPU sec, 4.622 real sec
[M::process] read 108870 sequences (10000106 bp)...
[M::mem_pestat] # candidate unique pairs for (FF, FR, RF, RR): (0, 50868, 0, 0)
[M::mem_pestat] skip orientation FF as there are not enough pairs
[M::mem_pestat] analyzing insert size distribution for orientation FR...
[M::mem_pestat] (25, 50, 75) percentile: (316, 341, 366)
[M::mem_pestat] low and high boundaries for computing mean and std.dev: (216, 466)
[M::mem_pestat] mean and std.dev: (340.52, 37.35)
[M::mem_pestat] low and high boundaries for proper pairs: (166, 516)
[M::mem_pestat] skip orientation RF as there are not enough pairs
[M::mem_pestat] skip orientation RR as there are not enough pairs
[M::mem_process_seqs] Processed 108894 reads in 4.761 CPU sec, 4.529 real sec
[M::process] read 108818 sequences (10000133 bp)...
[M::mem_pestat] # candidate unique pairs for (FF, FR, RF, RR): (0, 50884, 0, 0)
[M::mem_pestat] skip orientation FF as there are not enough pairs
[M::mem_pestat] analyzing insert size distribution for orientation FR...
[M::mem_pestat] (25, 50, 75) percentile: (316, 341, 366)
[M::mem_pestat] low and high boundaries for computing mean and std.dev: (216, 466)
[M::mem_pestat] mean and std.dev: (340.62, 37.31)
[M::mem_pestat] low and high boundaries for proper pairs: (166, 516)
[M::mem_pestat] skip orientation RF as there are not enough pairs
[M::mem_pestat] skip orientation RR as there are not enough pairs
[M::mem_process_seqs] Processed 108870 reads in 4.694 CPU sec, 4.448 real sec
[M::process] read 108800 sequences (10000051 bp)...
[M::mem_pestat] # candidate unique pairs for (FF, FR, RF, RR): (0, 50844, 0, 0)
[M::mem_pestat] skip orientation FF as there are not enough pairs
[M::mem_pestat] analyzing insert size distribution for orientation FR...
[M::mem_pestat] (25, 50, 75) percentile: (316, 341, 366)
[M::mem_pestat] low and high boundaries for computing mean and std.dev: (216, 466)
[M::mem_pestat] mean and std.dev: (340.55, 37.27)
[M::mem_pestat] low and high boundaries for proper pairs: (166, 516)
[M::mem_pestat] skip orientation RF as there are not enough pairs
[M::mem_pestat] skip orientation RR as there are not enough pairs
[M::mem_process_seqs] Processed 108818 reads in 4.799 CPU sec, 4.554 real sec
[M::process] read 108866 sequences (10000124 bp)...
[M::mem_pestat] # candidate unique pairs for (FF, FR, RF, RR): (0, 50811, 0, 0)
[M::mem_pestat] skip orientation FF as there are not enough pairs
[M::mem_pestat] analyzing insert size distribution for orientation FR...
[M::mem_pestat] (25, 50, 75) percentile: (316, 341, 366)
[M::mem_pestat] low and high boundaries for computing mean and std.dev: (216, 466)
[M::mem_pestat] mean and std.dev: (340.63, 37.23)
[M::mem_pestat] low and high boundaries for proper pairs: (166, 516)
[M::mem_pestat] skip orientation RF as there are not enough pairs
[M::mem_pestat] skip orientation RR as there are not enough pairs
[M::mem_process_seqs] Processed 108800 reads in 4.755 CPU sec, 4.483 real sec
[M::process] read 108810 sequences (10000023 bp)...
[M::mem_pestat] # candidate unique pairs for (FF, FR, RF, RR): (0, 50857, 0, 0)
[M::mem_pestat] skip orientation FF as there are not enough pairs
[M::mem_pestat] analyzing insert size distribution for orientation FR...
[M::mem_pestat] (25, 50, 75) percentile: (315, 341, 366)
[M::mem_pestat] low and high boundaries for computing mean and std.dev: (213, 468)
[M::mem_pestat] mean and std.dev: (340.56, 37.42)
[M::mem_pestat] low and high boundaries for proper pairs: (162, 519)
[M::mem_pestat] skip orientation RF as there are not enough pairs
[M::mem_pestat] skip orientation RR as there are not enough pairs
[M::mem_process_seqs] Processed 108866 reads in 4.852 CPU sec, 4.610 real sec
[M::process] read 108810 sequences (10000147 bp)...
[M::mem_pestat] # candidate unique pairs for (FF, FR, RF, RR): (0, 50793, 0, 0)
[M::mem_pestat] skip orientation FF as there are not enough pairs
[M::mem_pestat] analyzing insert size distribution for orientation FR...
[M::mem_pestat] (25, 50, 75) percentile: (315, 341, 366)
[M::mem_pestat] low and high boundaries for computing mean and std.dev: (213, 468)
[M::mem_pestat] mean and std.dev: (340.44, 37.39)
[M::mem_pestat] low and high boundaries for proper pairs: (162, 519)
[M::mem_pestat] skip orientation RF as there are not enough pairs
[M::mem_pestat] skip orientation RR as there are not enough pairs
[M::mem_process_seqs] Processed 108810 reads in 4.843 CPU sec, 4.587 real sec
[M::process] read 108866 sequences (10000115 bp)...
[M::mem_pestat] # candidate unique pairs for (FF, FR, RF, RR): (0, 50915, 0, 0)
[M::mem_pestat] skip orientation FF as there are not enough pairs
[M::mem_pestat] analyzing insert size distribution for orientation FR...
[M::mem_pestat] (25, 50, 75) percentile: (316, 341, 366)
[M::mem_pestat] low and high boundaries for computing mean and std.dev: (216, 466)
[M::mem_pestat] mean and std.dev: (340.89, 37.31)
[M::mem_pestat] low and high boundaries for proper pairs: (166, 516)
[M::mem_pestat] skip orientation RF as there are not enough pairs
[M::mem_pestat] skip orientation RR as there are not enough pairs
[M::mem_process_seqs] Processed 108810 reads in 4.709 CPU sec, 4.442 real sec
[M::process] read 108854 sequences (10000183 bp)...
[M::mem_pestat] # candidate unique pairs for (FF, FR, RF, RR): (0, 50791, 0, 0)
[M::mem_pestat] skip orientation FF as there are not enough pairs
[M::mem_pestat] analyzing insert size distribution for orientation FR...
[M::mem_pestat] (25, 50, 75) percentile: (316, 341, 366)
[M::mem_pestat] low and high boundaries for computing mean and std.dev: (216, 466)
[M::mem_pestat] mean and std.dev: (340.51, 37.45)
[M::mem_pestat] low and high boundaries for proper pairs: (166, 516)
[M::mem_pestat] skip orientation RF as there are not enough pairs
[M::mem_pestat] skip orientation RR as there are not enough pairs
[M::mem_process_seqs] Processed 108866 reads in 4.728 CPU sec, 4.468 real sec
[M::process] read 108820 sequences (10000127 bp)...
[M::mem_pestat] # candidate unique pairs for (FF, FR, RF, RR): (0, 50892, 0, 0)
[M::mem_pestat] skip orientation FF as there are not enough pairs
[M::mem_pestat] analyzing insert size distribution for orientation FR...
[M::mem_pestat] (25, 50, 75) percentile: (315, 341, 366)
[M::mem_pestat] low and high boundaries for computing mean and std.dev: (213, 468)
[M::mem_pestat] mean and std.dev: (340.49, 37.51)
[M::mem_pestat] low and high boundaries for proper pairs: (162, 519)
[M::mem_pestat] skip orientation RF as there are not enough pairs
[M::mem_pestat] skip orientation RR as there are not enough pairs
[M::mem_process_seqs] Processed 108854 reads in 4.699 CPU sec, 4.445 real sec
[M::process] read 108872 sequences (10000062 bp)...
[M::mem_pestat] # candidate unique pairs for (FF, FR, RF, RR): (0, 50779, 0, 0)
[M::mem_pestat] skip orientation FF as there are not enough pairs
[M::mem_pestat] analyzing insert size distribution for orientation FR...
[M::mem_pestat] (25, 50, 75) percentile: (316, 341, 366)
[M::mem_pestat] low and high boundaries for computing mean and std.dev: (216, 466)
[M::mem_pestat] mean and std.dev: (340.60, 37.42)
[M::mem_pestat] low and high boundaries for proper pairs: (166, 516)
[M::mem_pestat] skip orientation RF as there are not enough pairs
[M::mem_pestat] skip orientation RR as there are not enough pairs
[M::mem_process_seqs] Processed 108820 reads in 4.802 CPU sec, 4.519 real sec
[M::process] read 108878 sequences (10000064 bp)...
[M::mem_pestat] # candidate unique pairs for (FF, FR, RF, RR): (0, 50910, 0, 0)
[M::mem_pestat] skip orientation FF as there are not enough pairs
[M::mem_pestat] analyzing insert size distribution for orientation FR...
[M::mem_pestat] (25, 50, 75) percentile: (316, 341, 366)
[M::mem_pestat] low and high boundaries for computing mean and std.dev: (216, 466)
[M::mem_pestat] mean and std.dev: (340.65, 37.36)
[M::mem_pestat] low and high boundaries for proper pairs: (166, 516)
[M::mem_pestat] skip orientation RF as there are not enough pairs
[M::mem_pestat] skip orientation RR as there are not enough pairs
[M::mem_process_seqs] Processed 108872 reads in 4.782 CPU sec, 4.528 real sec
[M::process] read 108812 sequences (10000073 bp)...
[M::mem_pestat] # candidate unique pairs for (FF, FR, RF, RR): (0, 50911, 0, 0)
[M::mem_pestat] skip orientation FF as there are not enough pairs
[M::mem_pestat] analyzing insert size distribution for orientation FR...
[M::mem_pestat] (25, 50, 75) percentile: (315, 341, 366)
[M::mem_pestat] low and high boundaries for computing mean and std.dev: (213, 468)
[M::mem_pestat] mean and std.dev: (340.36, 37.66)
[M::mem_pestat] low and high boundaries for proper pairs: (162, 519)
[M::mem_pestat] skip orientation RF as there are not enough pairs
[M::mem_pestat] skip orientation RR as there are not enough pairs
[M::mem_process_seqs] Processed 108878 reads in 4.783 CPU sec, 4.517 real sec
[M::process] read 108822 sequences (10000064 bp)...
[M::mem_pestat] # candidate unique pairs for (FF, FR, RF, RR): (0, 50893, 0, 0)
[M::mem_pestat] skip orientation FF as there are not enough pairs
[M::mem_pestat] analyzing insert size distribution for orientation FR...
[M::mem_pestat] (25, 50, 75) percentile: (315, 341, 366)
[M::mem_pestat] low and high boundaries for computing mean and std.dev: (213, 468)
[M::mem_pestat] mean and std.dev: (340.34, 37.35)
[M::mem_pestat] low and high boundaries for proper pairs: (162, 519)
[M::mem_pestat] skip orientation RF as there are not enough pairs
[M::mem_pestat] skip orientation RR as there are not enough pairs
[M::mem_process_seqs] Processed 108812 reads in 4.754 CPU sec, 4.504 real sec
[M::process] read 108876 sequences (10000075 bp)...
[M::mem_pestat] # candidate unique pairs for (FF, FR, RF, RR): (0, 50894, 0, 0)
[M::mem_pestat] skip orientation FF as there are not enough pairs
[M::mem_pestat] analyzing insert size distribution for orientation FR...
[M::mem_pestat] (25, 50, 75) percentile: (316, 341, 366)
[M::mem_pestat] low and high boundaries for computing mean and std.dev: (216, 466)
[M::mem_pestat] mean and std.dev: (340.68, 37.41)
[M::mem_pestat] low and high boundaries for proper pairs: (166, 516)
[M::mem_pestat] skip orientation RF as there are not enough pairs
[M::mem_pestat] skip orientation RR as there are not enough pairs
[M::mem_process_seqs] Processed 108822 reads in 4.733 CPU sec, 4.475 real sec
[M::process] read 108868 sequences (10000172 bp)...
[M::mem_pestat] # candidate unique pairs for (FF, FR, RF, RR): (0, 50872, 0, 0)
[M::mem_pestat] skip orientation FF as there are not enough pairs
[M::mem_pestat] analyzing insert size distribution for orientation FR...
[M::mem_pestat] (25, 50, 75) percentile: (315, 341, 366)
[M::mem_pestat] low and high boundaries for computing mean and std.dev: (213, 468)
[M::mem_pestat] mean and std.dev: (340.62, 37.64)
[M::mem_pestat] low and high boundaries for proper pairs: (162, 519)
[M::mem_pestat] skip orientation RF as there are not enough pairs
[M::mem_pestat] skip orientation RR as there are not enough pairs
[M::mem_process_seqs] Processed 108876 reads in 4.769 CPU sec, 4.516 real sec
[M::process] read 108852 sequences (10000052 bp)...
[M::mem_pestat] # candidate unique pairs for (FF, FR, RF, RR): (0, 50801, 0, 0)
[M::mem_pestat] skip orientation FF as there are not enough pairs
[M::mem_pestat] analyzing insert size distribution for orientation FR...
[M::mem_pestat] (25, 50, 75) percentile: (316, 341, 366)
[M::mem_pestat] low and high boundaries for computing mean and std.dev: (216, 466)
[M::mem_pestat] mean and std.dev: (340.59, 37.33)
[M::mem_pestat] low and high boundaries for proper pairs: (166, 516)
[M::mem_pestat] skip orientation RF as there are not enough pairs
[M::mem_pestat] skip orientation RR as there are not enough pairs
[M::mem_process_seqs] Processed 108868 reads in 4.863 CPU sec, 4.599 real sec
[M::process] read 108916 sequences (10000072 bp)...
[M::mem_pestat] # candidate unique pairs for (FF, FR, RF, RR): (0, 50783, 0, 0)
[M::mem_pestat] skip orientation FF as there are not enough pairs
[M::mem_pestat] analyzing insert size distribution for orientation FR...
[M::mem_pestat] (25, 50, 75) percentile: (316, 341, 366)
[M::mem_pestat] low and high boundaries for computing mean and std.dev: (216, 466)
[M::mem_pestat] mean and std.dev: (340.79, 37.49)
[M::mem_pestat] low and high boundaries for proper pairs: (166, 516)
[M::mem_pestat] skip orientation RF as there are not enough pairs
[M::mem_pestat] skip orientation RR as there are not enough pairs
[M::mem_process_seqs] Processed 108852 reads in 4.842 CPU sec, 4.597 real sec
[M::process] read 108910 sequences (10000147 bp)...
[M::mem_pestat] # candidate unique pairs for (FF, FR, RF, RR): (0, 50880, 0, 0)
[M::mem_pestat] skip orientation FF as there are not enough pairs
[M::mem_pestat] analyzing insert size distribution for orientation FR...
[M::mem_pestat] (25, 50, 75) percentile: (315, 341, 366)
[M::mem_pestat] low and high boundaries for computing mean and std.dev: (213, 468)
[M::mem_pestat] mean and std.dev: (340.38, 37.50)
[M::mem_pestat] low and high boundaries for proper pairs: (162, 519)
[M::mem_pestat] skip orientation RF as there are not enough pairs
[M::mem_pestat] skip orientation RR as there are not enough pairs
[M::mem_process_seqs] Processed 108916 reads in 4.827 CPU sec, 4.557 real sec
[M::process] read 108858 sequences (10000176 bp)...
[M::mem_pestat] # candidate unique pairs for (FF, FR, RF, RR): (0, 50901, 0, 0)
[M::mem_pestat] skip orientation FF as there are not enough pairs
[M::mem_pestat] analyzing insert size distribution for orientation FR...
[M::mem_pestat] (25, 50, 75) percentile: (315, 341, 366)
[M::mem_pestat] low and high boundaries for computing mean and std.dev: (213, 468)
[M::mem_pestat] mean and std.dev: (340.46, 37.45)
[M::mem_pestat] low and high boundaries for proper pairs: (162, 519)
[M::mem_pestat] skip orientation RF as there are not enough pairs
[M::mem_pestat] skip orientation RR as there are not enough pairs
[M::mem_process_seqs] Processed 108910 reads in 4.778 CPU sec, 4.535 real sec
[M::process] read 108856 sequences (10000076 bp)...
[M::mem_pestat] # candidate unique pairs for (FF, FR, RF, RR): (0, 50904, 0, 0)
[M::mem_pestat] skip orientation FF as there are not enough pairs
[M::mem_pestat] analyzing insert size distribution for orientation FR...
[M::mem_pestat] (25, 50, 75) percentile: (316, 341, 366)
[M::mem_pestat] low and high boundaries for computing mean and std.dev: (216, 466)
[M::mem_pestat] mean and std.dev: (340.68, 37.41)
[M::mem_pestat] low and high boundaries for proper pairs: (166, 516)
[M::mem_pestat] skip orientation RF as there are not enough pairs
[M::mem_pestat] skip orientation RR as there are not enough pairs
[M::mem_process_seqs] Processed 108858 reads in 4.854 CPU sec, 4.583 real sec
[M::process] read 108854 sequences (10000059 bp)...
[M::mem_pestat] # candidate unique pairs for (FF, FR, RF, RR): (0, 50834, 0, 0)
[M::mem_pestat] skip orientation FF as there are not enough pairs
[M::mem_pestat] analyzing insert size distribution for orientation FR...
[M::mem_pestat] (25, 50, 75) percentile: (315, 341, 366)
[M::mem_pestat] low and high boundaries for computing mean and std.dev: (213, 468)
[M::mem_pestat] mean and std.dev: (340.68, 37.54)
[M::mem_pestat] low and high boundaries for proper pairs: (162, 519)
[M::mem_pestat] skip orientation RF as there are not enough pairs
[M::mem_pestat] skip orientation RR as there are not enough pairs
[M::mem_process_seqs] Processed 108856 reads in 4.810 CPU sec, 4.565 real sec
[M::process] read 108884 sequences (10000064 bp)...
[M::mem_pestat] # candidate unique pairs for (FF, FR, RF, RR): (0, 50846, 0, 0)
[M::mem_pestat] skip orientation FF as there are not enough pairs
[M::mem_pestat] analyzing insert size distribution for orientation FR...
[M::mem_pestat] (25, 50, 75) percentile: (315, 341, 366)
[M::mem_pestat] low and high boundaries for computing mean and std.dev: (213, 468)
[M::mem_pestat] mean and std.dev: (340.60, 37.34)
[M::mem_pestat] low and high boundaries for proper pairs: (162, 519)
[M::mem_pestat] skip orientation RF as there are not enough pairs
[M::mem_pestat] skip orientation RR as there are not enough pairs
[M::mem_process_seqs] Processed 108854 reads in 4.822 CPU sec, 4.541 real sec
[M::process] read 108906 sequences (10000126 bp)...
[M::mem_pestat] # candidate unique pairs for (FF, FR, RF, RR): (0, 50950, 0, 0)
[M::mem_pestat] skip orientation FF as there are not enough pairs
[M::mem_pestat] analyzing insert size distribution for orientation FR...
[M::mem_pestat] (25, 50, 75) percentile: (316, 341, 366)
[M::mem_pestat] low and high boundaries for computing mean and std.dev: (216, 466)
[M::mem_pestat] mean and std.dev: (340.66, 37.24)
[M::mem_pestat] low and high boundaries for proper pairs: (166, 516)
[M::mem_pestat] skip orientation RF as there are not enough pairs
[M::mem_pestat] skip orientation RR as there are not enough pairs
[M::mem_process_seqs] Processed 108884 reads in 4.746 CPU sec, 4.514 real sec
[M::process] read 108872 sequences (10000182 bp)...
[M::mem_pestat] # candidate unique pairs for (FF, FR, RF, RR): (0, 50829, 0, 0)
[M::mem_pestat] skip orientation FF as there are not enough pairs
[M::mem_pestat] analyzing insert size distribution for orientation FR...
[M::mem_pestat] (25, 50, 75) percentile: (316, 341, 366)
[M::mem_pestat] low and high boundaries for computing mean and std.dev: (216, 466)
[M::mem_pestat] mean and std.dev: (340.41, 37.25)
[M::mem_pestat] low and high boundaries for proper pairs: (166, 516)
[M::mem_pestat] skip orientation RF as there are not enough pairs
[M::mem_pestat] skip orientation RR as there are not enough pairs
[M::mem_process_seqs] Processed 108906 reads in 4.749 CPU sec, 4.502 real sec
[M::process] read 108874 sequences (10000133 bp)...
[M::mem_pestat] # candidate unique pairs for (FF, FR, RF, RR): (0, 50850, 0, 0)
[M::mem_pestat] skip orientation FF as there are not enough pairs
[M::mem_pestat] analyzing insert size distribution for orientation FR...
[M::mem_pestat] (25, 50, 75) percentile: (316, 341, 367)
[M::mem_pestat] low and high boundaries for computing mean and std.dev: (214, 469)
[M::mem_pestat] mean and std.dev: (341.04, 37.28)
[M::mem_pestat] low and high boundaries for proper pairs: (163, 520)
[M::mem_pestat] skip orientation RF as there are not enough pairs
[M::mem_pestat] skip orientation RR as there are not enough pairs
[M::mem_process_seqs] Processed 108872 reads in 4.719 CPU sec, 4.493 real sec
[M::process] read 108894 sequences (10000178 bp)...
[M::mem_pestat] # candidate unique pairs for (FF, FR, RF, RR): (0, 50923, 0, 0)
[M::mem_pestat] skip orientation FF as there are not enough pairs
[M::mem_pestat] analyzing insert size distribution for orientation FR...
[M::mem_pestat] (25, 50, 75) percentile: (316, 341, 366)
[M::mem_pestat] low and high boundaries for computing mean and std.dev: (216, 466)
[M::mem_pestat] mean and std.dev: (340.80, 37.53)
[M::mem_pestat] low and high boundaries for proper pairs: (166, 516)
[M::mem_pestat] skip orientation RF as there are not enough pairs
[M::mem_pestat] skip orientation RR as there are not enough pairs
[M::mem_process_seqs] Processed 108874 reads in 4.727 CPU sec, 4.479 real sec
[M::process] read 108974 sequences (10000192 bp)...
[M::mem_pestat] # candidate unique pairs for (FF, FR, RF, RR): (0, 50820, 0, 0)
[M::mem_pestat] skip orientation FF as there are not enough pairs
[M::mem_pestat] analyzing insert size distribution for orientation FR...
[M::mem_pestat] (25, 50, 75) percentile: (316, 341, 366)
[M::mem_pestat] low and high boundaries for computing mean and std.dev: (216, 466)
[M::mem_pestat] mean and std.dev: (340.77, 37.31)
[M::mem_pestat] low and high boundaries for proper pairs: (166, 516)
[M::mem_pestat] skip orientation RF as there are not enough pairs
[M::mem_pestat] skip orientation RR as there are not enough pairs
[M::mem_process_seqs] Processed 108894 reads in 4.762 CPU sec, 4.515 real sec
[M::process] read 107506 sequences (9886084 bp)...
[M::mem_pestat] # candidate unique pairs for (FF, FR, RF, RR): (0, 50907, 0, 0)
[M::mem_pestat] skip orientation FF as there are not enough pairs
[M::mem_pestat] analyzing insert size distribution for orientation FR...
[M::mem_pestat] (25, 50, 75) percentile: (315, 341, 366)
[M::mem_pestat] low and high boundaries for computing mean and std.dev: (213, 468)
[M::mem_pestat] mean and std.dev: (340.34, 37.39)
[M::mem_pestat] low and high boundaries for proper pairs: (162, 519)
[M::mem_pestat] skip orientation RF as there are not enough pairs
[M::mem_pestat] skip orientation RR as there are not enough pairs
[M::mem_process_seqs] Processed 108974 reads in 4.697 CPU sec, 4.464 real sec
[M::mem_pestat] # candidate unique pairs for (FF, FR, RF, RR): (0, 50227, 0, 0)
[M::mem_pestat] skip orientation FF as there are not enough pairs
[M::mem_pestat] analyzing insert size distribution for orientation FR...
[M::mem_pestat] (25, 50, 75) percentile: (316, 341, 366)
[M::mem_pestat] low and high boundaries for computing mean and std.dev: (216, 466)
[M::mem_pestat] mean and std.dev: (340.61, 37.33)
[M::mem_pestat] low and high boundaries for proper pairs: (166, 516)
[M::mem_pestat] skip orientation RF as there are not enough pairs
[M::mem_pestat] skip orientation RR as there are not enough pairs
[M::mem_process_seqs] Processed 107506 reads in 4.442 CPU sec, 4.376 real sec
[main] Version: 0.7.17-r1194-dirty
[main] CMD: bwa mem /mnt/beegfs/home/s430452/advanced_sequencing_informatics_and_genome_assembly/assignment/assembly/soap_denono_2/kmer_55/HS7_R1.fastq.gz.cor/HS7_R1.fastq.gz.cor_pregraph.contig /mnt/beegfs/home/s430452/advanced_sequencing_informatics_and_genome_assembly/assignment/kmer/soap_ec/kmer_17/HS7_R1.fastq.gz.cor.pair_1.fq.gz /mnt/beegfs/home/s430452/advanced_sequencing_informatics_and_genome_assembly/assignment/kmer/soap_ec/kmer_17/HS7_R2.fastq.gz.cor.pair_2.fq.gz
[main] Real time: 191.707 sec; CPU: 201.135 sec
[bam_sort_core] merging from 2 files...
BAM file: HS7_R1.fastq.gz.cor_aligned_sorted.bam
Assembly fasta file: /mnt/beegfs/home/s430452/advanced_sequencing_informatics_and_genome_assembly/assignment/assembly/soap_denono_2/kmer_55/HS7_R1.fastq.gz.cor/HS7_R1.fastq.gz.cor_pregraph.contig
ALE Output file: HS7_R1.fastq.gz.cor_ale_output.ale
Reading in assembly...
Reading in the map and computing statistics...
Insert length and std not given, will be calculated from input map.
Read 1000000 reads...
Read 2000000 reads...
Read 3000000 reads...
Read 4000000 reads...
Found FR sample avg insert length to be 346.416994 from 4157579 mapped reads
Found FR sample insert length std to be 35.817647
There were 4571328 total reads, 4571328 paired (4328272 properly mated), 29 proper singles, 243027 improper reads (242596 chimeric). (27 reads were unmapped)
Saved library parameters to HS7_R1.fastq.gz.cor_ale_output.ale.param
Computing read placements and depths
Read 1000000 reads...
Read 2000000 reads...
Read 3000000 reads...
Read 4000000 reads...
FR orientation with 4328272 reads, 4328272 mapped, 0 unmapped, 4328272 placed, 0 mappedButNotPlaced
RF orientation with 0 reads, 0 mapped, 0 unmapped, 0 placed, 0 mappedButNotPlaced
FF orientation with 0 reads, 0 mapped, 0 unmapped, 0 placed, 0 mappedButNotPlaced
NOT_PROPER_FR orientation with 395 reads, 395 mapped, 0 unmapped, 363 placed, 32 mappedButNotPlaced
NOT_PROPER_RF orientation with 7 reads, 7 mapped, 0 unmapped, 10 placed, -3 mappedButNotPlaced
NOT_PROPER_FF orientation with 2 reads, 2 mapped, 0 unmapped, 2 placed, 0 mappedButNotPlaced
UNMAPPED_PAIR orientation with 0 reads, 0 mapped, 0 unmapped, 0 placed, 0 mappedButNotPlaced
CHIMER orientation with 242596 reads, 242596 mapped, 0 unmapped, 242596 placed, 0 mappedButNotPlaced
SINGLE_UNMAPPED_MATE orientation with 27 reads, 27 mapped, 0 unmapped, 27 placed, 0 mappedButNotPlaced
UNMAPPED_MATE orientation with 27 reads, 0 mapped, 27 unmapped, 0 placed, 0 mappedButNotPlaced
HALF_VALID_MATE orientation with 0 reads, 0 mapped, 0 unmapped, 0 placed, 0 mappedButNotPlaced
SINGLE_READ orientation with 2 reads, 2 mapped, 0 unmapped, 2 placed, 0 mappedButNotPlaced
UNMAPPED_SINGLE orientation with 0 reads, 0 mapped, 0 unmapped, 0 placed, 0 mappedButNotPlaced
NO_READS orientation with 0 reads, 0 mapped, 0 unmapped, 0 placed, 0 mappedButNotPlaced
Total mapped reads: 4571301
Total placed reads: 4571272
Total unmapped reads: 27
Total unplaced reads: 56
Computing k-mer statistics...
Done computing k-mer statistics.
Computing depth statistics...
bases with no GC depth correction metric (small contigs): 0
unmappable bases: 0 across 0 different regions
bases with 0 coverage: 39564
Done computing depth statistics.
Computing statistics on expected missing...
Expected extra length: -36804.649993
Done computing statistics on expected missing.
Set minLogLike to: -120.0
Total ALE Score: -9363978.911373
Output is in file: HS7_R1.fastq.gz.cor_ale_output.ale
Closing input file
Done
Sat Jan 24 10:58:10 GMT 2026
