Started script
Sun Jan 25 13:16:59 GMT 2026

apptainer version 1.1.3-1.el8
[bwa_index] Pack FASTA... 0.03 sec
[bwa_index] Construct BWT for the packed sequence...
[bwa_index] 0.80 seconds elapse.
[bwa_index] Update BWT... 0.02 sec
[bwa_index] Pack forward-only FASTA... 0.02 sec
[bwa_index] Construct SA from BWT and Occ... 0.40 sec
[main] Version: 0.7.17-r1194-dirty
[main] CMD: /usr/local/bin/bwa index final_assembly.fasta
[main] Real time: 1.400 sec; CPU: 1.296 sec
[M::bwa_idx_load_from_disk] read 0 ALT contigs
[M::process] read 108822 sequences (10000135 bp)...
[M::process] read 108892 sequences (10000051 bp)...
[M::mem_pestat] # candidate unique pairs for (FF, FR, RF, RR): (5, 32446, 11, 2)
[M::mem_pestat] skip orientation FF as there are not enough pairs
[M::mem_pestat] analyzing insert size distribution for orientation FR...
[M::mem_pestat] (25, 50, 75) percentile: (315, 341, 366)
[M::mem_pestat] low and high boundaries for computing mean and std.dev: (213, 468)
[M::mem_pestat] mean and std.dev: (340.39, 37.62)
[M::mem_pestat] low and high boundaries for proper pairs: (162, 519)
[M::mem_pestat] analyzing insert size distribution for orientation RF...
[M::mem_pestat] (25, 50, 75) percentile: (865, 1856, 4945)
[M::mem_pestat] low and high boundaries for computing mean and std.dev: (1, 13105)
[M::mem_pestat] mean and std.dev: (2838.82, 2627.36)
[M::mem_pestat] low and high boundaries for proper pairs: (1, 17185)
[M::mem_pestat] skip orientation RR as there are not enough pairs
[M::mem_pestat] skip orientation RF
[M::mem_process_seqs] Processed 108822 reads in 6.743 CPU sec, 6.593 real sec
[M::process] read 108900 sequences (10000181 bp)...
[M::mem_pestat] # candidate unique pairs for (FF, FR, RF, RR): (2, 32543, 5, 1)
[M::mem_pestat] skip orientation FF as there are not enough pairs
[M::mem_pestat] analyzing insert size distribution for orientation FR...
[M::mem_pestat] (25, 50, 75) percentile: (316, 341, 366)
[M::mem_pestat] low and high boundaries for computing mean and std.dev: (216, 466)
[M::mem_pestat] mean and std.dev: (340.40, 37.59)
[M::mem_pestat] low and high boundaries for proper pairs: (166, 516)
[M::mem_pestat] skip orientation RF as there are not enough pairs
[M::mem_pestat] skip orientation RR as there are not enough pairs
[M::mem_process_seqs] Processed 108892 reads in 6.858 CPU sec, 6.621 real sec
[M::process] read 108940 sequences (10000037 bp)...
[M::mem_pestat] # candidate unique pairs for (FF, FR, RF, RR): (6, 32535, 4, 2)
[M::mem_pestat] skip orientation FF as there are not enough pairs
[M::mem_pestat] analyzing insert size distribution for orientation FR...
[M::mem_pestat] (25, 50, 75) percentile: (315, 341, 366)
[M::mem_pestat] low and high boundaries for computing mean and std.dev: (213, 468)
[M::mem_pestat] mean and std.dev: (340.01, 37.68)
[M::mem_pestat] low and high boundaries for proper pairs: (162, 519)
[M::mem_pestat] skip orientation RF as there are not enough pairs
[M::mem_pestat] skip orientation RR as there are not enough pairs
[M::mem_process_seqs] Processed 108900 reads in 6.971 CPU sec, 6.729 real sec
[M::process] read 108872 sequences (10000177 bp)...
[M::mem_pestat] # candidate unique pairs for (FF, FR, RF, RR): (4, 32491, 4, 2)
[M::mem_pestat] skip orientation FF as there are not enough pairs
[M::mem_pestat] analyzing insert size distribution for orientation FR...
[M::mem_pestat] (25, 50, 75) percentile: (315, 341, 366)
[M::mem_pestat] low and high boundaries for computing mean and std.dev: (213, 468)
[M::mem_pestat] mean and std.dev: (340.33, 37.73)
[M::mem_pestat] low and high boundaries for proper pairs: (162, 519)
[M::mem_pestat] skip orientation RF as there are not enough pairs
[M::mem_pestat] skip orientation RR as there are not enough pairs
[M::mem_process_seqs] Processed 108940 reads in 6.907 CPU sec, 6.664 real sec
[M::process] read 108882 sequences (10000155 bp)...
[M::mem_pestat] # candidate unique pairs for (FF, FR, RF, RR): (3, 32562, 10, 3)
[M::mem_pestat] skip orientation FF as there are not enough pairs
[M::mem_pestat] analyzing insert size distribution for orientation FR...
[M::mem_pestat] (25, 50, 75) percentile: (315, 341, 366)
[M::mem_pestat] low and high boundaries for computing mean and std.dev: (213, 468)
[M::mem_pestat] mean and std.dev: (340.20, 37.40)
[M::mem_pestat] low and high boundaries for proper pairs: (162, 519)
[M::mem_pestat] analyzing insert size distribution for orientation RF...
[M::mem_pestat] (25, 50, 75) percentile: (45, 1551, 1825)
[M::mem_pestat] low and high boundaries for computing mean and std.dev: (1, 5385)
[M::mem_pestat] mean and std.dev: (1529.40, 1485.45)
[M::mem_pestat] low and high boundaries for proper pairs: (1, 7471)
[M::mem_pestat] skip orientation RR as there are not enough pairs
[M::mem_pestat] skip orientation RF
[M::mem_process_seqs] Processed 108872 reads in 6.998 CPU sec, 6.729 real sec
[M::process] read 108836 sequences (10000045 bp)...
[M::mem_pestat] # candidate unique pairs for (FF, FR, RF, RR): (2, 32616, 6, 2)
[M::mem_pestat] skip orientation FF as there are not enough pairs
[M::mem_pestat] analyzing insert size distribution for orientation FR...
[M::mem_pestat] (25, 50, 75) percentile: (315, 341, 366)
[M::mem_pestat] low and high boundaries for computing mean and std.dev: (213, 468)
[M::mem_pestat] mean and std.dev: (340.58, 37.43)
[M::mem_pestat] low and high boundaries for proper pairs: (162, 519)
[M::mem_pestat] skip orientation RF as there are not enough pairs
[M::mem_pestat] skip orientation RR as there are not enough pairs
[M::mem_process_seqs] Processed 108882 reads in 6.990 CPU sec, 6.730 real sec
[M::process] read 108892 sequences (10000025 bp)...
[M::mem_pestat] # candidate unique pairs for (FF, FR, RF, RR): (1, 32619, 3, 2)
[M::mem_pestat] skip orientation FF as there are not enough pairs
[M::mem_pestat] analyzing insert size distribution for orientation FR...
[M::mem_pestat] (25, 50, 75) percentile: (315, 341, 365)
[M::mem_pestat] low and high boundaries for computing mean and std.dev: (215, 465)
[M::mem_pestat] mean and std.dev: (340.23, 37.40)
[M::mem_pestat] low and high boundaries for proper pairs: (165, 515)
[M::mem_pestat] skip orientation RF as there are not enough pairs
[M::mem_pestat] skip orientation RR as there are not enough pairs
[M::mem_process_seqs] Processed 108836 reads in 6.946 CPU sec, 6.710 real sec
[M::process] read 108950 sequences (10000050 bp)...
[M::mem_pestat] # candidate unique pairs for (FF, FR, RF, RR): (2, 32808, 11, 2)
[M::mem_pestat] skip orientation FF as there are not enough pairs
[M::mem_pestat] analyzing insert size distribution for orientation FR...
[M::mem_pestat] (25, 50, 75) percentile: (315, 340, 366)
[M::mem_pestat] low and high boundaries for computing mean and std.dev: (213, 468)
[M::mem_pestat] mean and std.dev: (340.04, 37.69)
[M::mem_pestat] low and high boundaries for proper pairs: (162, 519)
[M::mem_pestat] analyzing insert size distribution for orientation RF...
[M::mem_pestat] (25, 50, 75) percentile: (447, 4917, 6725)
[M::mem_pestat] low and high boundaries for computing mean and std.dev: (1, 19281)
[M::mem_pestat] mean and std.dev: (3669.36, 3179.53)
[M::mem_pestat] low and high boundaries for proper pairs: (1, 25559)
[M::mem_pestat] skip orientation RR as there are not enough pairs
[M::mem_pestat] skip orientation RF
[M::mem_process_seqs] Processed 108892 reads in 6.891 CPU sec, 6.621 real sec
[M::process] read 108874 sequences (10000128 bp)...
[M::mem_pestat] # candidate unique pairs for (FF, FR, RF, RR): (3, 32671, 5, 3)
[M::mem_pestat] skip orientation FF as there are not enough pairs
[M::mem_pestat] analyzing insert size distribution for orientation FR...
[M::mem_pestat] (25, 50, 75) percentile: (315, 341, 366)
[M::mem_pestat] low and high boundaries for computing mean and std.dev: (213, 468)
[M::mem_pestat] mean and std.dev: (340.08, 37.92)
[M::mem_pestat] low and high boundaries for proper pairs: (162, 519)
[M::mem_pestat] skip orientation RF as there are not enough pairs
[M::mem_pestat] skip orientation RR as there are not enough pairs
[M::mem_process_seqs] Processed 108950 reads in 6.840 CPU sec, 6.574 real sec
[M::process] read 108950 sequences (10000135 bp)...
[M::mem_pestat] # candidate unique pairs for (FF, FR, RF, RR): (3, 32580, 10, 4)
[M::mem_pestat] skip orientation FF as there are not enough pairs
[M::mem_pestat] analyzing insert size distribution for orientation FR...
[M::mem_pestat] (25, 50, 75) percentile: (315, 341, 366)
[M::mem_pestat] low and high boundaries for computing mean and std.dev: (213, 468)
[M::mem_pestat] mean and std.dev: (340.09, 37.74)
[M::mem_pestat] low and high boundaries for proper pairs: (162, 519)
[M::mem_pestat] analyzing insert size distribution for orientation RF...
[M::mem_pestat] (25, 50, 75) percentile: (142, 438, 959)
[M::mem_pestat] low and high boundaries for computing mean and std.dev: (1, 2593)
[M::mem_pestat] mean and std.dev: (547.78, 558.11)
[M::mem_pestat] low and high boundaries for proper pairs: (1, 3410)
[M::mem_pestat] skip orientation RR as there are not enough pairs
[M::mem_pestat] skip orientation RF
[M::mem_process_seqs] Processed 108874 reads in 6.911 CPU sec, 6.650 real sec
[M::process] read 108950 sequences (10000110 bp)...
[M::mem_pestat] # candidate unique pairs for (FF, FR, RF, RR): (2, 32608, 10, 3)
[M::mem_pestat] skip orientation FF as there are not enough pairs
[M::mem_pestat] analyzing insert size distribution for orientation FR...
[M::mem_pestat] (25, 50, 75) percentile: (315, 340, 365)
[M::mem_pestat] low and high boundaries for computing mean and std.dev: (215, 465)
[M::mem_pestat] mean and std.dev: (339.87, 37.48)
[M::mem_pestat] low and high boundaries for proper pairs: (165, 515)
[M::mem_pestat] analyzing insert size distribution for orientation RF...
[M::mem_pestat] (25, 50, 75) percentile: (789, 913, 972)
[M::mem_pestat] low and high boundaries for computing mean and std.dev: (423, 1338)
[M::mem_pestat] mean and std.dev: (891.83, 59.00)
[M::mem_pestat] low and high boundaries for proper pairs: (240, 1521)
[M::mem_pestat] skip orientation RR as there are not enough pairs
[M::mem_pestat] skip orientation RF
[M::mem_process_seqs] Processed 108950 reads in 6.795 CPU sec, 6.558 real sec
[M::process] read 108876 sequences (10000193 bp)...
[M::mem_pestat] # candidate unique pairs for (FF, FR, RF, RR): (2, 32626, 9, 2)
[M::mem_pestat] skip orientation FF as there are not enough pairs
[M::mem_pestat] analyzing insert size distribution for orientation FR...
[M::mem_pestat] (25, 50, 75) percentile: (315, 341, 366)
[M::mem_pestat] low and high boundaries for computing mean and std.dev: (213, 468)
[M::mem_pestat] mean and std.dev: (340.37, 37.85)
[M::mem_pestat] low and high boundaries for proper pairs: (162, 519)
[M::mem_pestat] skip orientation RF as there are not enough pairs
[M::mem_pestat] skip orientation RR as there are not enough pairs
[M::mem_process_seqs] Processed 108950 reads in 6.986 CPU sec, 6.738 real sec
[M::process] read 108894 sequences (10000131 bp)...
[M::mem_pestat] # candidate unique pairs for (FF, FR, RF, RR): (1, 32554, 6, 3)
[M::mem_pestat] skip orientation FF as there are not enough pairs
[M::mem_pestat] analyzing insert size distribution for orientation FR...
[M::mem_pestat] (25, 50, 75) percentile: (315, 341, 366)
[M::mem_pestat] low and high boundaries for computing mean and std.dev: (213, 468)
[M::mem_pestat] mean and std.dev: (340.45, 37.75)
[M::mem_pestat] low and high boundaries for proper pairs: (162, 519)
[M::mem_pestat] skip orientation RF as there are not enough pairs
[M::mem_pestat] skip orientation RR as there are not enough pairs
[M::mem_process_seqs] Processed 108876 reads in 6.939 CPU sec, 6.704 real sec
[M::process] read 108870 sequences (10000106 bp)...
[M::mem_pestat] # candidate unique pairs for (FF, FR, RF, RR): (3, 32512, 9, 2)
[M::mem_pestat] skip orientation FF as there are not enough pairs
[M::mem_pestat] analyzing insert size distribution for orientation FR...
[M::mem_pestat] (25, 50, 75) percentile: (315, 341, 366)
[M::mem_pestat] low and high boundaries for computing mean and std.dev: (213, 468)
[M::mem_pestat] mean and std.dev: (340.15, 37.72)
[M::mem_pestat] low and high boundaries for proper pairs: (162, 519)
[M::mem_pestat] skip orientation RF as there are not enough pairs
[M::mem_pestat] skip orientation RR as there are not enough pairs
[M::mem_process_seqs] Processed 108894 reads in 6.882 CPU sec, 6.637 real sec
[M::process] read 108818 sequences (10000133 bp)...
[M::mem_pestat] # candidate unique pairs for (FF, FR, RF, RR): (1, 32626, 5, 4)
[M::mem_pestat] skip orientation FF as there are not enough pairs
[M::mem_pestat] analyzing insert size distribution for orientation FR...
[M::mem_pestat] (25, 50, 75) percentile: (315, 341, 366)
[M::mem_pestat] low and high boundaries for computing mean and std.dev: (213, 468)
[M::mem_pestat] mean and std.dev: (340.22, 37.73)
[M::mem_pestat] low and high boundaries for proper pairs: (162, 519)
[M::mem_pestat] skip orientation RF as there are not enough pairs
[M::mem_pestat] skip orientation RR as there are not enough pairs
[M::mem_process_seqs] Processed 108870 reads in 6.757 CPU sec, 6.536 real sec
[M::process] read 108800 sequences (10000051 bp)...
[M::mem_pestat] # candidate unique pairs for (FF, FR, RF, RR): (6, 32804, 7, 2)
[M::mem_pestat] skip orientation FF as there are not enough pairs
[M::mem_pestat] analyzing insert size distribution for orientation FR...
[M::mem_pestat] (25, 50, 75) percentile: (315, 341, 366)
[M::mem_pestat] low and high boundaries for computing mean and std.dev: (213, 468)
[M::mem_pestat] mean and std.dev: (340.19, 37.60)
[M::mem_pestat] low and high boundaries for proper pairs: (162, 519)
[M::mem_pestat] skip orientation RF as there are not enough pairs
[M::mem_pestat] skip orientation RR as there are not enough pairs
[M::mem_process_seqs] Processed 108818 reads in 6.750 CPU sec, 6.526 real sec
[M::process] read 108866 sequences (10000124 bp)...
[M::mem_pestat] # candidate unique pairs for (FF, FR, RF, RR): (3, 32455, 9, 3)
[M::mem_pestat] skip orientation FF as there are not enough pairs
[M::mem_pestat] analyzing insert size distribution for orientation FR...
[M::mem_pestat] (25, 50, 75) percentile: (315, 341, 366)
[M::mem_pestat] low and high boundaries for computing mean and std.dev: (213, 468)
[M::mem_pestat] mean and std.dev: (340.16, 37.54)
[M::mem_pestat] low and high boundaries for proper pairs: (162, 519)
[M::mem_pestat] skip orientation RF as there are not enough pairs
[M::mem_pestat] skip orientation RR as there are not enough pairs
[M::mem_process_seqs] Processed 108800 reads in 6.789 CPU sec, 6.562 real sec
[M::process] read 108810 sequences (10000023 bp)...
[M::mem_pestat] # candidate unique pairs for (FF, FR, RF, RR): (3, 32570, 4, 0)
[M::mem_pestat] skip orientation FF as there are not enough pairs
[M::mem_pestat] analyzing insert size distribution for orientation FR...
[M::mem_pestat] (25, 50, 75) percentile: (315, 341, 366)
[M::mem_pestat] low and high boundaries for computing mean and std.dev: (213, 468)
[M::mem_pestat] mean and std.dev: (340.01, 37.63)
[M::mem_pestat] low and high boundaries for proper pairs: (162, 519)
[M::mem_pestat] skip orientation RF as there are not enough pairs
[M::mem_pestat] skip orientation RR as there are not enough pairs
[M::mem_process_seqs] Processed 108866 reads in 6.799 CPU sec, 6.562 real sec
[M::process] read 108810 sequences (10000147 bp)...
[M::mem_pestat] # candidate unique pairs for (FF, FR, RF, RR): (0, 32495, 6, 3)
[M::mem_pestat] skip orientation FF as there are not enough pairs
[M::mem_pestat] analyzing insert size distribution for orientation FR...
[M::mem_pestat] (25, 50, 75) percentile: (315, 340, 366)
[M::mem_pestat] low and high boundaries for computing mean and std.dev: (213, 468)
[M::mem_pestat] mean and std.dev: (339.98, 37.70)
[M::mem_pestat] low and high boundaries for proper pairs: (162, 519)
[M::mem_pestat] skip orientation RF as there are not enough pairs
[M::mem_pestat] skip orientation RR as there are not enough pairs
[M::mem_process_seqs] Processed 108810 reads in 6.774 CPU sec, 6.549 real sec
[M::process] read 108866 sequences (10000115 bp)...
[M::mem_pestat] # candidate unique pairs for (FF, FR, RF, RR): (5, 32699, 7, 0)
[M::mem_pestat] skip orientation FF as there are not enough pairs
[M::mem_pestat] analyzing insert size distribution for orientation FR...
[M::mem_pestat] (25, 50, 75) percentile: (316, 341, 366)
[M::mem_pestat] low and high boundaries for computing mean and std.dev: (216, 466)
[M::mem_pestat] mean and std.dev: (340.59, 37.50)
[M::mem_pestat] low and high boundaries for proper pairs: (166, 516)
[M::mem_pestat] skip orientation RF as there are not enough pairs
[M::mem_pestat] skip orientation RR as there are not enough pairs
[M::mem_process_seqs] Processed 108810 reads in 6.808 CPU sec, 6.566 real sec
[M::process] read 108854 sequences (10000183 bp)...
[M::mem_pestat] # candidate unique pairs for (FF, FR, RF, RR): (1, 32550, 10, 4)
[M::mem_pestat] skip orientation FF as there are not enough pairs
[M::mem_pestat] analyzing insert size distribution for orientation FR...
[M::mem_pestat] (25, 50, 75) percentile: (315, 341, 366)
[M::mem_pestat] low and high boundaries for computing mean and std.dev: (213, 468)
[M::mem_pestat] mean and std.dev: (340.18, 37.81)
[M::mem_pestat] low and high boundaries for proper pairs: (162, 519)
[M::mem_pestat] analyzing insert size distribution for orientation RF...
[M::mem_pestat] (25, 50, 75) percentile: (339, 929, 6722)
[M::mem_pestat] low and high boundaries for computing mean and std.dev: (1, 19488)
[M::mem_pestat] mean and std.dev: (2886.30, 2953.73)
[M::mem_pestat] low and high boundaries for proper pairs: (1, 25871)
[M::mem_pestat] skip orientation RR as there are not enough pairs
[M::mem_pestat] skip orientation RF
[M::mem_process_seqs] Processed 108866 reads in 6.773 CPU sec, 6.538 real sec
[M::process] read 108820 sequences (10000127 bp)...
[M::mem_pestat] # candidate unique pairs for (FF, FR, RF, RR): (3, 32600, 7, 1)
[M::mem_pestat] skip orientation FF as there are not enough pairs
[M::mem_pestat] analyzing insert size distribution for orientation FR...
[M::mem_pestat] (25, 50, 75) percentile: (315, 340, 366)
[M::mem_pestat] low and high boundaries for computing mean and std.dev: (213, 468)
[M::mem_pestat] mean and std.dev: (340.01, 37.66)
[M::mem_pestat] low and high boundaries for proper pairs: (162, 519)
[M::mem_pestat] skip orientation RF as there are not enough pairs
[M::mem_pestat] skip orientation RR as there are not enough pairs
[M::mem_process_seqs] Processed 108854 reads in 6.726 CPU sec, 6.492 real sec
[M::process] read 108872 sequences (10000062 bp)...
[M::mem_pestat] # candidate unique pairs for (FF, FR, RF, RR): (3, 32544, 10, 5)
[M::mem_pestat] skip orientation FF as there are not enough pairs
[M::mem_pestat] analyzing insert size distribution for orientation FR...
[M::mem_pestat] (25, 50, 75) percentile: (315, 341, 366)
[M::mem_pestat] low and high boundaries for computing mean and std.dev: (213, 468)
[M::mem_pestat] mean and std.dev: (340.40, 37.76)
[M::mem_pestat] low and high boundaries for proper pairs: (162, 519)
[M::mem_pestat] analyzing insert size distribution for orientation RF...
[M::mem_pestat] (25, 50, 75) percentile: (399, 915, 4941)
[M::mem_pestat] low and high boundaries for computing mean and std.dev: (1, 14025)
[M::mem_pestat] mean and std.dev: (2013.00, 2020.52)
[M::mem_pestat] low and high boundaries for proper pairs: (1, 18567)
[M::mem_pestat] skip orientation RR as there are not enough pairs
[M::mem_pestat] skip orientation RF
[M::mem_process_seqs] Processed 108820 reads in 6.834 CPU sec, 6.594 real sec
[M::process] read 108878 sequences (10000064 bp)...
[M::mem_pestat] # candidate unique pairs for (FF, FR, RF, RR): (3, 32817, 7, 5)
[M::mem_pestat] skip orientation FF as there are not enough pairs
[M::mem_pestat] analyzing insert size distribution for orientation FR...
[M::mem_pestat] (25, 50, 75) percentile: (315, 341, 366)
[M::mem_pestat] low and high boundaries for computing mean and std.dev: (213, 468)
[M::mem_pestat] mean and std.dev: (340.23, 37.73)
[M::mem_pestat] low and high boundaries for proper pairs: (162, 519)
[M::mem_pestat] skip orientation RF as there are not enough pairs
[M::mem_pestat] skip orientation RR as there are not enough pairs
[M::mem_process_seqs] Processed 108872 reads in 6.769 CPU sec, 6.552 real sec
[M::process] read 108812 sequences (10000073 bp)...
[M::mem_pestat] # candidate unique pairs for (FF, FR, RF, RR): (5, 32585, 5, 6)
[M::mem_pestat] skip orientation FF as there are not enough pairs
[M::mem_pestat] analyzing insert size distribution for orientation FR...
[M::mem_pestat] (25, 50, 75) percentile: (315, 340, 366)
[M::mem_pestat] low and high boundaries for computing mean and std.dev: (213, 468)
[M::mem_pestat] mean and std.dev: (340.07, 37.95)
[M::mem_pestat] low and high boundaries for proper pairs: (162, 519)
[M::mem_pestat] skip orientation RF as there are not enough pairs
[M::mem_pestat] skip orientation RR as there are not enough pairs
[M::mem_process_seqs] Processed 108878 reads in 6.727 CPU sec, 6.505 real sec
[M::process] read 108822 sequences (10000064 bp)...
[M::mem_pestat] # candidate unique pairs for (FF, FR, RF, RR): (4, 32583, 9, 2)
[M::mem_pestat] skip orientation FF as there are not enough pairs
[M::mem_pestat] analyzing insert size distribution for orientation FR...
[M::mem_pestat] (25, 50, 75) percentile: (315, 341, 366)
[M::mem_pestat] low and high boundaries for computing mean and std.dev: (213, 468)
[M::mem_pestat] mean and std.dev: (340.20, 37.58)
[M::mem_pestat] low and high boundaries for proper pairs: (162, 519)
[M::mem_pestat] skip orientation RF as there are not enough pairs
[M::mem_pestat] skip orientation RR as there are not enough pairs
[M::mem_process_seqs] Processed 108812 reads in 6.709 CPU sec, 6.494 real sec
[M::process] read 108876 sequences (10000075 bp)...
[M::mem_pestat] # candidate unique pairs for (FF, FR, RF, RR): (2, 32387, 10, 1)
[M::mem_pestat] skip orientation FF as there are not enough pairs
[M::mem_pestat] analyzing insert size distribution for orientation FR...
[M::mem_pestat] (25, 50, 75) percentile: (315, 341, 367)
[M::mem_pestat] low and high boundaries for computing mean and std.dev: (211, 471)
[M::mem_pestat] mean and std.dev: (340.57, 37.72)
[M::mem_pestat] low and high boundaries for proper pairs: (159, 523)
[M::mem_pestat] analyzing insert size distribution for orientation RF...
[M::mem_pestat] (25, 50, 75) percentile: (418, 870, 1832)
[M::mem_pestat] low and high boundaries for computing mean and std.dev: (1, 4660)
[M::mem_pestat] mean and std.dev: (825.67, 618.41)
[M::mem_pestat] low and high boundaries for proper pairs: (1, 6074)
[M::mem_pestat] skip orientation RR as there are not enough pairs
[M::mem_pestat] skip orientation RF
[M::mem_process_seqs] Processed 108822 reads in 6.678 CPU sec, 6.453 real sec
[M::process] read 108868 sequences (10000172 bp)...
[M::mem_pestat] # candidate unique pairs for (FF, FR, RF, RR): (2, 32588, 8, 2)
[M::mem_pestat] skip orientation FF as there are not enough pairs
[M::mem_pestat] analyzing insert size distribution for orientation FR...
[M::mem_pestat] (25, 50, 75) percentile: (315, 341, 366)
[M::mem_pestat] low and high boundaries for computing mean and std.dev: (213, 468)
[M::mem_pestat] mean and std.dev: (340.24, 38.01)
[M::mem_pestat] low and high boundaries for proper pairs: (162, 519)
[M::mem_pestat] skip orientation RF as there are not enough pairs
[M::mem_pestat] skip orientation RR as there are not enough pairs
[M::mem_process_seqs] Processed 108876 reads in 6.766 CPU sec, 6.550 real sec
[M::process] read 108852 sequences (10000052 bp)...
[M::mem_pestat] # candidate unique pairs for (FF, FR, RF, RR): (1, 32557, 8, 2)
[M::mem_pestat] skip orientation FF as there are not enough pairs
[M::mem_pestat] analyzing insert size distribution for orientation FR...
[M::mem_pestat] (25, 50, 75) percentile: (315, 341, 366)
[M::mem_pestat] low and high boundaries for computing mean and std.dev: (213, 468)
[M::mem_pestat] mean and std.dev: (340.28, 37.75)
[M::mem_pestat] low and high boundaries for proper pairs: (162, 519)
[M::mem_pestat] skip orientation RF as there are not enough pairs
[M::mem_pestat] skip orientation RR as there are not enough pairs
[M::mem_process_seqs] Processed 108868 reads in 6.767 CPU sec, 6.532 real sec
[M::process] read 108916 sequences (10000072 bp)...
[M::mem_pestat] # candidate unique pairs for (FF, FR, RF, RR): (4, 32465, 8, 3)
[M::mem_pestat] skip orientation FF as there are not enough pairs
[M::mem_pestat] analyzing insert size distribution for orientation FR...
[M::mem_pestat] (25, 50, 75) percentile: (315, 341, 366)
[M::mem_pestat] low and high boundaries for computing mean and std.dev: (213, 468)
[M::mem_pestat] mean and std.dev: (340.50, 37.79)
[M::mem_pestat] low and high boundaries for proper pairs: (162, 519)
[M::mem_pestat] skip orientation RF as there are not enough pairs
[M::mem_pestat] skip orientation RR as there are not enough pairs
[M::mem_process_seqs] Processed 108852 reads in 6.823 CPU sec, 6.606 real sec
[M::process] read 108910 sequences (10000147 bp)...
[M::mem_pestat] # candidate unique pairs for (FF, FR, RF, RR): (2, 32530, 4, 6)
[M::mem_pestat] skip orientation FF as there are not enough pairs
[M::mem_pestat] analyzing insert size distribution for orientation FR...
[M::mem_pestat] (25, 50, 75) percentile: (315, 341, 366)
[M::mem_pestat] low and high boundaries for computing mean and std.dev: (213, 468)
[M::mem_pestat] mean and std.dev: (340.18, 37.87)
[M::mem_pestat] low and high boundaries for proper pairs: (162, 519)
[M::mem_pestat] skip orientation RF as there are not enough pairs
[M::mem_pestat] skip orientation RR as there are not enough pairs
[M::mem_process_seqs] Processed 108916 reads in 6.719 CPU sec, 6.493 real sec
[M::process] read 108858 sequences (10000176 bp)...
[M::mem_pestat] # candidate unique pairs for (FF, FR, RF, RR): (5, 32710, 10, 3)
[M::mem_pestat] skip orientation FF as there are not enough pairs
[M::mem_pestat] analyzing insert size distribution for orientation FR...
[M::mem_pestat] (25, 50, 75) percentile: (315, 340, 366)
[M::mem_pestat] low and high boundaries for computing mean and std.dev: (213, 468)
[M::mem_pestat] mean and std.dev: (339.97, 37.90)
[M::mem_pestat] low and high boundaries for proper pairs: (162, 519)
[M::mem_pestat] analyzing insert size distribution for orientation RF...
[M::mem_pestat] (25, 50, 75) percentile: (320, 913, 957)
[M::mem_pestat] low and high boundaries for computing mean and std.dev: (1, 2231)
[M::mem_pestat] mean and std.dev: (687.33, 536.08)
[M::mem_pestat] low and high boundaries for proper pairs: (1, 2868)
[M::mem_pestat] skip orientation RR as there are not enough pairs
[M::mem_pestat] skip orientation RF
[M::mem_process_seqs] Processed 108910 reads in 6.734 CPU sec, 6.519 real sec
[M::process] read 108856 sequences (10000076 bp)...
[M::mem_pestat] # candidate unique pairs for (FF, FR, RF, RR): (2, 32468, 2, 3)
[M::mem_pestat] skip orientation FF as there are not enough pairs
[M::mem_pestat] analyzing insert size distribution for orientation FR...
[M::mem_pestat] (25, 50, 75) percentile: (315, 341, 366)
[M::mem_pestat] low and high boundaries for computing mean and std.dev: (213, 468)
[M::mem_pestat] mean and std.dev: (340.46, 37.78)
[M::mem_pestat] low and high boundaries for proper pairs: (162, 519)
[M::mem_pestat] skip orientation RF as there are not enough pairs
[M::mem_pestat] skip orientation RR as there are not enough pairs
[M::mem_process_seqs] Processed 108858 reads in 6.752 CPU sec, 6.525 real sec
[M::process] read 108854 sequences (10000059 bp)...
[M::mem_pestat] # candidate unique pairs for (FF, FR, RF, RR): (1, 32521, 8, 0)
[M::mem_pestat] skip orientation FF as there are not enough pairs
[M::mem_pestat] analyzing insert size distribution for orientation FR...
[M::mem_pestat] (25, 50, 75) percentile: (315, 341, 366)
[M::mem_pestat] low and high boundaries for computing mean and std.dev: (213, 468)
[M::mem_pestat] mean and std.dev: (340.34, 37.72)
[M::mem_pestat] low and high boundaries for proper pairs: (162, 519)
[M::mem_pestat] skip orientation RF as there are not enough pairs
[M::mem_pestat] skip orientation RR as there are not enough pairs
[M::mem_process_seqs] Processed 108856 reads in 6.752 CPU sec, 6.516 real sec
[M::process] read 108884 sequences (10000064 bp)...
[M::mem_pestat] # candidate unique pairs for (FF, FR, RF, RR): (4, 32377, 12, 5)
[M::mem_pestat] skip orientation FF as there are not enough pairs
[M::mem_pestat] analyzing insert size distribution for orientation FR...
[M::mem_pestat] (25, 50, 75) percentile: (315, 341, 366)
[M::mem_pestat] low and high boundaries for computing mean and std.dev: (213, 468)
[M::mem_pestat] mean and std.dev: (340.40, 37.47)
[M::mem_pestat] low and high boundaries for proper pairs: (162, 519)
[M::mem_pestat] analyzing insert size distribution for orientation RF...
[M::mem_pestat] (25, 50, 75) percentile: (459, 1826, 4929)
[M::mem_pestat] low and high boundaries for computing mean and std.dev: (1, 13869)
[M::mem_pestat] mean and std.dev: (2564.42, 2540.59)
[M::mem_pestat] low and high boundaries for proper pairs: (1, 18339)
[M::mem_pestat] skip orientation RR as there are not enough pairs
[M::mem_pestat] skip orientation RF
[M::mem_process_seqs] Processed 108854 reads in 6.825 CPU sec, 6.599 real sec
[M::process] read 108906 sequences (10000126 bp)...
[M::mem_pestat] # candidate unique pairs for (FF, FR, RF, RR): (1, 32684, 9, 1)
[M::mem_pestat] skip orientation FF as there are not enough pairs
[M::mem_pestat] analyzing insert size distribution for orientation FR...
[M::mem_pestat] (25, 50, 75) percentile: (315, 341, 366)
[M::mem_pestat] low and high boundaries for computing mean and std.dev: (213, 468)
[M::mem_pestat] mean and std.dev: (340.41, 37.60)
[M::mem_pestat] low and high boundaries for proper pairs: (162, 519)
[M::mem_pestat] skip orientation RF as there are not enough pairs
[M::mem_pestat] skip orientation RR as there are not enough pairs
[M::mem_process_seqs] Processed 108884 reads in 6.765 CPU sec, 6.527 real sec
[M::process] read 108872 sequences (10000182 bp)...
[M::mem_pestat] # candidate unique pairs for (FF, FR, RF, RR): (1, 32897, 10, 2)
[M::mem_pestat] skip orientation FF as there are not enough pairs
[M::mem_pestat] analyzing insert size distribution for orientation FR...
[M::mem_pestat] (25, 50, 75) percentile: (315, 341, 366)
[M::mem_pestat] low and high boundaries for computing mean and std.dev: (213, 468)
[M::mem_pestat] mean and std.dev: (340.16, 37.48)
[M::mem_pestat] low and high boundaries for proper pairs: (162, 519)
[M::mem_pestat] analyzing insert size distribution for orientation RF...
[M::mem_pestat] (25, 50, 75) percentile: (471, 957, 4935)
[M::mem_pestat] low and high boundaries for computing mean and std.dev: (1, 13863)
[M::mem_pestat] mean and std.dev: (2526.90, 2396.39)
[M::mem_pestat] low and high boundaries for proper pairs: (1, 18327)
[M::mem_pestat] skip orientation RR as there are not enough pairs
[M::mem_pestat] skip orientation RF
[M::mem_process_seqs] Processed 108906 reads in 6.656 CPU sec, 6.429 real sec
[M::process] read 108874 sequences (10000133 bp)...
[M::mem_pestat] # candidate unique pairs for (FF, FR, RF, RR): (2, 32561, 8, 4)
[M::mem_pestat] skip orientation FF as there are not enough pairs
[M::mem_pestat] analyzing insert size distribution for orientation FR...
[M::mem_pestat] (25, 50, 75) percentile: (316, 341, 366)
[M::mem_pestat] low and high boundaries for computing mean and std.dev: (216, 466)
[M::mem_pestat] mean and std.dev: (340.82, 37.66)
[M::mem_pestat] low and high boundaries for proper pairs: (166, 516)
[M::mem_pestat] skip orientation RF as there are not enough pairs
[M::mem_pestat] skip orientation RR as there are not enough pairs
[M::mem_process_seqs] Processed 108872 reads in 6.782 CPU sec, 6.555 real sec
[M::process] read 108894 sequences (10000178 bp)...
[M::mem_pestat] # candidate unique pairs for (FF, FR, RF, RR): (2, 32356, 8, 4)
[M::mem_pestat] skip orientation FF as there are not enough pairs
[M::mem_pestat] analyzing insert size distribution for orientation FR...
[M::mem_pestat] (25, 50, 75) percentile: (315, 341, 366)
[M::mem_pestat] low and high boundaries for computing mean and std.dev: (213, 468)
[M::mem_pestat] mean and std.dev: (340.55, 37.82)
[M::mem_pestat] low and high boundaries for proper pairs: (162, 519)
[M::mem_pestat] skip orientation RF as there are not enough pairs
[M::mem_pestat] skip orientation RR as there are not enough pairs
[M::mem_process_seqs] Processed 108874 reads in 6.786 CPU sec, 6.559 real sec
[M::process] read 108974 sequences (10000192 bp)...
[M::mem_pestat] # candidate unique pairs for (FF, FR, RF, RR): (4, 32712, 7, 6)
[M::mem_pestat] skip orientation FF as there are not enough pairs
[M::mem_pestat] analyzing insert size distribution for orientation FR...
[M::mem_pestat] (25, 50, 75) percentile: (316, 341, 366)
[M::mem_pestat] low and high boundaries for computing mean and std.dev: (216, 466)
[M::mem_pestat] mean and std.dev: (340.41, 37.53)
[M::mem_pestat] low and high boundaries for proper pairs: (166, 516)
[M::mem_pestat] skip orientation RF as there are not enough pairs
[M::mem_pestat] skip orientation RR as there are not enough pairs
[M::mem_process_seqs] Processed 108894 reads in 6.738 CPU sec, 6.511 real sec
[M::process] read 107506 sequences (9886084 bp)...
[M::mem_pestat] # candidate unique pairs for (FF, FR, RF, RR): (3, 32379, 7, 1)
[M::mem_pestat] skip orientation FF as there are not enough pairs
[M::mem_pestat] analyzing insert size distribution for orientation FR...
[M::mem_pestat] (25, 50, 75) percentile: (315, 341, 366)
[M::mem_pestat] low and high boundaries for computing mean and std.dev: (213, 468)
[M::mem_pestat] mean and std.dev: (340.13, 37.76)
[M::mem_pestat] low and high boundaries for proper pairs: (162, 519)
[M::mem_pestat] skip orientation RF as there are not enough pairs
[M::mem_pestat] skip orientation RR as there are not enough pairs
[M::mem_process_seqs] Processed 108974 reads in 6.790 CPU sec, 6.563 real sec
[M::mem_pestat] # candidate unique pairs for (FF, FR, RF, RR): (3, 32109, 5, 1)
[M::mem_pestat] skip orientation FF as there are not enough pairs
[M::mem_pestat] analyzing insert size distribution for orientation FR...
[M::mem_pestat] (25, 50, 75) percentile: (315, 341, 366)
[M::mem_pestat] low and high boundaries for computing mean and std.dev: (213, 468)
[M::mem_pestat] mean and std.dev: (340.43, 37.64)
[M::mem_pestat] low and high boundaries for proper pairs: (162, 519)
[M::mem_pestat] skip orientation RF as there are not enough pairs
[M::mem_pestat] skip orientation RR as there are not enough pairs
[M::mem_process_seqs] Processed 107506 reads in 6.553 CPU sec, 6.485 real sec
[main] Version: 0.7.17-r1194-dirty
[main] CMD: bwa mem -t 1 final_assembly.fasta /mnt/beegfs/home/s430452/advanced_sequencing_informatics_and_genome_assembly/assignment/kmer/soap_ec/kmer_17/HS7_R1.fastq.gz.cor.pair_1.fq.gz /mnt/beegfs/home/s430452/advanced_sequencing_informatics_and_genome_assembly/assignment/kmer/soap_ec/kmer_17/HS7_R2.fastq.gz.cor.pair_2.fq.gz
[main] Real time: 277.355 sec; CPU: 286.024 sec
[bam_sort_core] merging from 3 files...
Done
Sun Jan 25 13:24:26 GMT 2026
