Started script
Mon Jan 19 07:46:44 GMT 2026

apptainer version 1.1.3-1.el8
Running SOAPdenovo2 denovo assembly with k=60
Results will be stored in: /mnt/beegfs/home/s430452/advanced_sequencing_informatics_and_genome_assembly/assignment//assembly/soap_denono_2/kmer_60/HS7_R1.fastq.gz.cor

Version 2.04: released on July 13th, 2012
Compile Jul  9 2013	11:57:16
********************
SparsePregraph
********************

Parameters: pregraph_sparse -s /mnt/beegfs/home/s430452/advanced_sequencing_informatics_and_genome_assembly/assignment//scripts/soapPE.conf -K 59 -g 15 -z 5061839 -d 1 -e 1 -r 0 -p 4 -o HS7_R1.fastq.gz.cor_pregraph

Start to build the sparse de Brujin graph, round: 1
1 io thread initialized.
Import reads from file:
 /mnt/beegfs/home/s430452/advanced_sequencing_informatics_and_genome_assembly/assignment/raw_data/HS7_R1.fastq.gz.cor.pair_1.fq.gz
4 work threads initialized.
Import reads from file:
 /mnt/beegfs/home/s430452/advanced_sequencing_informatics_and_genome_assembly/assignment/raw_data/HS7_R2.fastq.gz.cor.pair_2.fq.gz
Time spent on building graph round 1: 26s, 4544618 reads processed, 1725121 nodes allocated

Start to build the sparse de Brujin graph, round: 2
1 io thread initialized.
Import reads from file:
 /mnt/beegfs/home/s430452/advanced_sequencing_informatics_and_genome_assembly/assignment/raw_data/HS7_R1.fastq.gz.cor.pair_1.fq.gz
4 work threads initialized.
Import reads from file:
 /mnt/beegfs/home/s430452/advanced_sequencing_informatics_and_genome_assembly/assignment/raw_data/HS7_R2.fastq.gz.cor.pair_2.fq.gz
Time spent on building graph round 2: 24s, 4544618 reads processed
1725121 nodes allocated, 3249884 kmer-edges allocated.

Start to remove weak nodes and kmer-edges.
901877 nodes removed.
3066821 edges removed.

Start to remove tips with minority links.
Total nodes number: 823244
Linear nodes number: 517568
61352 tips removed in cycle 1.

Total nodes number: 823244
Linear nodes number: 546331
24 tips removed in cycle 2.

Total nodes number: 823244
Linear nodes number: 546321
Total 61376 tips removed.
Time spent on removing tips: 1s.

Start to construct edges.
26029 edges and 8519 vertexes constructed.
Time spent on constructing edges: 2s.

Start to build vertex indexes.
Time spent on building vertex indexes: 1s.

Start to build preArcs.
1 io thread initialized.
Import reads from file:
 /mnt/beegfs/home/s430452/advanced_sequencing_informatics_and_genome_assembly/assignment/raw_data/HS7_R1.fastq.gz.cor.pair_1.fq.gz
4 work threads initialized.
Import reads from file:
 /mnt/beegfs/home/s430452/advanced_sequencing_informatics_and_genome_assembly/assignment/raw_data/HS7_R2.fastq.gz.cor.pair_2.fq.gz
Time spent on building preArcs: 18s.

Overall time spent on constructing lightgraph: 1m.

Version 2.04: released on July 13th, 2012
Compile Jul  9 2013	11:57:16

********************
Contig
********************

Parameters: contig -g HS7_R1.fastq.gz.cor_pregraph -s /mnt/beegfs/home/s430452/advanced_sequencing_informatics_and_genome_assembly/assignment//scripts/soapPE.conf -p 4 

There are 8519 kmer(s) in vertex file.
There are 26029 edge(s) in edge file.
Kmers sorted.
26029 edge(s) input.
34678 pre-arcs loaded.
6480 none-palindrome edge(s) swapped, 0 palindrome edge(s) processed.
26029 edge(s) sorted.
Arcs sorted.
Start to pinch bubbles, cutoff 0.100000, MAX NODE NUM 3, MAX DIFF NUM 2.
33 start points, 21647 dheap nodes.
5377 pair(s) found, 3387 pair of path(s) compared, 3214 pair(s) merged.
Sequence comparison failed:
 Path crossing deleted edge                         0
 Length difference of two paths greater than two    147
 Mismatch score greater than cutoff (2)             16
 Mismatch score ratio greater than cutoff (0.1)     0
 Path length shorter than (Kmer-1)                  10
DFibHeap: 601 node(s) allocated.
5792 edge(s) concatenated in cycle 1.
673 edge(s) concatenated in cycle 2.
47 edge(s) concatenated in cycle 3.
0 edge(s) concatenated in cycle 4.
Time spent on pinching bubbles: 0s.
Start to destroy weak inner edges.
5 weak inner edge(s) destroyed in cycle 1.
0 weak inner edge(s) destroyed in cycle 2.
10 dead arc(s) removed.
0 inner edge(s) with coverage lower than or equal to 1 destroyed.
0 dead arc(s) removed.
8 edge(s) concatenated in cycle 1.
0 edge(s) concatenated in cycle 2.
Before compacting, 26029 edge(s) existed.
After compacting, 6547 edge(s) left.

Strict: 0, cutoff length: 118.
187 tips cut in cycle 1.
2 tips cut in cycle 2.
0 tips cut in cycle 3.
191 dead arc(s) removed.
147 edge(s) concatenated in cycle 1.
1 edge(s) concatenated in cycle 2.
0 edge(s) concatenated in cycle 3.
Before compacting, 6547 edge(s) existed.
After compacting, 5873 edge(s) left.

There are 1468 contig(s) longer than 100, sum up 5032544 bp, with average length 3428.
The longest length is 82527 bp, contig N50 is 18394 bp,contig N90 is 4434 bp.
2937 contig(s) longer than 60 output.

Time spent on constructing contig: 0m.

Done
Mon Jan 19 07:47:59 GMT 2026
