Started script
Sun Jan 18 15:59:27 GMT 2026

apptainer version 1.1.3-1.el8
FastQC & MultiQC
Sun Jan 18 15:59:28 GMT 2026

Fastq files to be processed:
/mnt/beegfs/home/s430452/advanced_sequencing_informatics_and_genome_assembly/assignment/raw_data/HS7_R1.fastq.gz.cor.pair_1.fq.gz /mnt/beegfs/home/s430452/advanced_sequencing_informatics_and_genome_assembly/assignment/raw_data/HS7_R2.fastq.gz.cor.pair_2.fq.gz
application/gzip
application/gzip
Started analysis of HS7_R1.fastq.gz.cor.pair_1.fq.gz
Approx 5% complete for HS7_R1.fastq.gz.cor.pair_1.fq.gz
Approx 10% complete for HS7_R1.fastq.gz.cor.pair_1.fq.gz
Approx 15% complete for HS7_R1.fastq.gz.cor.pair_1.fq.gz
Approx 20% complete for HS7_R1.fastq.gz.cor.pair_1.fq.gz
Approx 25% complete for HS7_R1.fastq.gz.cor.pair_1.fq.gz
Approx 30% complete for HS7_R1.fastq.gz.cor.pair_1.fq.gz
Approx 35% complete for HS7_R1.fastq.gz.cor.pair_1.fq.gz
Approx 40% complete for HS7_R1.fastq.gz.cor.pair_1.fq.gz
Approx 45% complete for HS7_R1.fastq.gz.cor.pair_1.fq.gz
Approx 50% complete for HS7_R1.fastq.gz.cor.pair_1.fq.gz
Approx 55% complete for HS7_R1.fastq.gz.cor.pair_1.fq.gz
Approx 60% complete for HS7_R1.fastq.gz.cor.pair_1.fq.gz
Approx 65% complete for HS7_R1.fastq.gz.cor.pair_1.fq.gz
Approx 70% complete for HS7_R1.fastq.gz.cor.pair_1.fq.gz
Approx 75% complete for HS7_R1.fastq.gz.cor.pair_1.fq.gz
Approx 80% complete for HS7_R1.fastq.gz.cor.pair_1.fq.gz
Approx 85% complete for HS7_R1.fastq.gz.cor.pair_1.fq.gz
Approx 90% complete for HS7_R1.fastq.gz.cor.pair_1.fq.gz
Approx 95% complete for HS7_R1.fastq.gz.cor.pair_1.fq.gz
Analysis complete for HS7_R1.fastq.gz.cor.pair_1.fq.gz
Started analysis of HS7_R2.fastq.gz.cor.pair_2.fq.gz
Approx 5% complete for HS7_R2.fastq.gz.cor.pair_2.fq.gz
Approx 10% complete for HS7_R2.fastq.gz.cor.pair_2.fq.gz
Approx 15% complete for HS7_R2.fastq.gz.cor.pair_2.fq.gz
Approx 20% complete for HS7_R2.fastq.gz.cor.pair_2.fq.gz
Approx 25% complete for HS7_R2.fastq.gz.cor.pair_2.fq.gz
Approx 30% complete for HS7_R2.fastq.gz.cor.pair_2.fq.gz
Approx 35% complete for HS7_R2.fastq.gz.cor.pair_2.fq.gz
Approx 40% complete for HS7_R2.fastq.gz.cor.pair_2.fq.gz
Approx 45% complete for HS7_R2.fastq.gz.cor.pair_2.fq.gz
Approx 50% complete for HS7_R2.fastq.gz.cor.pair_2.fq.gz
Approx 55% complete for HS7_R2.fastq.gz.cor.pair_2.fq.gz
Approx 60% complete for HS7_R2.fastq.gz.cor.pair_2.fq.gz
Approx 65% complete for HS7_R2.fastq.gz.cor.pair_2.fq.gz
Approx 70% complete for HS7_R2.fastq.gz.cor.pair_2.fq.gz
Approx 75% complete for HS7_R2.fastq.gz.cor.pair_2.fq.gz
Approx 80% complete for HS7_R2.fastq.gz.cor.pair_2.fq.gz
Approx 85% complete for HS7_R2.fastq.gz.cor.pair_2.fq.gz
Approx 90% complete for HS7_R2.fastq.gz.cor.pair_2.fq.gz
Approx 95% complete for HS7_R2.fastq.gz.cor.pair_2.fq.gz
Analysis complete for HS7_R2.fastq.gz.cor.pair_2.fq.gz

  /// MultiQC 🔍 | v1.14

|           multiqc | MultiQC Version v1.33 now available!
|           multiqc | Search path : /mnt/beegfs/home/s430452/advanced_sequencing_informatics_and_genome_assembly/assignment/qc/HS7_R1.fastq.gz.cor.pair_1_fastqc.zip
|           multiqc | Search path : /mnt/beegfs/home/s430452/advanced_sequencing_informatics_and_genome_assembly/assignment/qc/HS7_R1_fastqc.zip
|           multiqc | Search path : /mnt/beegfs/home/s430452/advanced_sequencing_informatics_and_genome_assembly/assignment/qc/HS7_R2.fastq.gz.cor.pair_2_fastqc.zip
|           multiqc | Search path : /mnt/beegfs/home/s430452/advanced_sequencing_informatics_and_genome_assembly/assignment/qc/HS7_R2_fastqc.zip
|         searching | ━━━━━━━━━━━━━━━━━━━━━━━━━━━━━━━━━━━━━━━━ 100% 4/4  
|            fastqc | Found 2 reports
|           multiqc | Compressing plot data
|           multiqc | Previous MultiQC output found! Adjusting filenames..
|           multiqc | Use -f or --force to overwrite existing reports instead
|           multiqc | Report      : qc/multiqc_report/multiqc_report_7.html
|           multiqc | Data        : qc/multiqc_report/multiqc_data_7
|           multiqc | MultiQC complete

Descriptive statistics for Illumina fastq files:
File: /mnt/beegfs/home/s430452/advanced_sequencing_informatics_and_genome_assembly/assignment/raw_data/HS7_R1.fastq.gz.cor.pair_1.fq.gz - Number of reads: 2272309
File: /mnt/beegfs/home/s430452/advanced_sequencing_informatics_and_genome_assembly/assignment/raw_data/HS7_R1.fastq.gz.cor.pair_1.fq.gz - Number of bases: Sum: 208979981
File: /mnt/beegfs/home/s430452/advanced_sequencing_informatics_and_genome_assembly/assignment/raw_data/HS7_R2.fastq.gz.cor.pair_2.fq.gz - Number of reads: 2272309
File: /mnt/beegfs/home/s430452/advanced_sequencing_informatics_and_genome_assembly/assignment/raw_data/HS7_R2.fastq.gz.cor.pair_2.fq.gz - Number of bases: Sum: 208948016

Descriptive statistics for PacBio fasta file:
File: /mnt/beegfs/home/s430452/advanced_sequencing_informatics_and_genome_assembly/assignment/raw_data/HS7_pacbioData.fastq.gz - Number of reads: 33413
File: /mnt/beegfs/home/s430452/advanced_sequencing_informatics_and_genome_assembly/assignment/raw_data/HS7_pacbioData.fastq.gz - Number of bases: Sum: 49968121

Done
Sun Jan 18 16:00:19 GMT 2026
