[2026-01-17 14:46:00,249] multiqc                                            [DEBUG  ]  This is MultiQC v1.14
[2026-01-17 14:46:00,250] multiqc                                            [DEBUG  ]  Command used: /apps2/software/MultiQC/1.14-foss-2022b/bin/multiqc /mnt/beegfs/home/s430452/advanced_sequencing_informatics_and_genome_assembly/assignment/qc/HS7_R1_fastqc.zip /mnt/beegfs/home/s430452/advanced_sequencing_informatics_and_genome_assembly/assignment/qc/HS7_R2_fastqc.zip -o /mnt/beegfs/home/s430452/advanced_sequencing_informatics_and_genome_assembly/assignment/qc/multiqc_report
[2026-01-17 14:46:00,749] multiqc                                            [WARNING]  MultiQC Version v1.33 now available!
[2026-01-17 14:46:00,750] multiqc                                            [DEBUG  ]  Working dir : /mnt/beegfs/home/s430452/advanced_sequencing_informatics_and_genome_assembly/assignment
[2026-01-17 14:46:00,750] multiqc                                            [DEBUG  ]  Template    : default
[2026-01-17 14:46:00,750] multiqc                                            [DEBUG  ]  Running Python 3.10.8 (main, Sep 19 2023, 21:11:49) [GCC 12.2.0]
[2026-01-17 14:46:00,751] multiqc                                            [DEBUG  ]  Analysing modules: custom_content, ccs, ngsderive, purple, conpair, lima, peddy, somalier, methylQA, mosdepth, phantompeakqualtools, qualimap, preseq, hifiasm, quast, qorts, rna_seqc, rockhopper, rsem, rseqc, busco, bustools, goleft_indexcov, gffcompare, disambiguate, supernova, deeptools, sargasso, verifybamid, mirtrace, happy, mirtop, sambamba, gopeaks, homer, hops, macs2, theta2, snpeff, gatk, htseq, bcftools, featureCounts, fgbio, dragen, dragen_fastqc, dedup, pbmarkdup, damageprofiler, biobambam2, jcvi, mtnucratio, picard, vep, sentieon, prokka, qc3C, nanostat, samblaster, samtools, sexdeterrmine, eigenstratdatabasetools, bamtools, jellyfish, vcftools, longranger, stacks, varscan2, snippy, umitools, bbmap, bismark, biscuit, diamond, hicexplorer, hicup, hicpro, salmon, kallisto, slamdunk, star, hisat2, tophat, bowtie2, bowtie1, cellranger, snpsplit, odgi, pangolin, nextclade, humid, kat, leehom, adapterRemoval, bbduk, clipandmerge, cutadapt, flexbar, kaiju, kraken, malt, motus, trimmomatic, sickle, skewer, sortmerna, biobloomtools, fastq_screen, afterqc, fastp, fastqc, filtlong, prinseqplusplus, pychopper, porechop, pycoqc, minionqc, anglerfish, multivcfanalyzer, clusterflow, checkqc, bcl2fastq, bclconvert, interop, ivar, flash, seqyclean, optitype, whatshap
[2026-01-17 14:46:00,751] multiqc                                            [DEBUG  ]  Using temporary directory for creating report: /var/tmp/pbs.118763.cr2-pbs/tmp_it9r57h
[2026-01-17 14:46:01,001] multiqc                                            [INFO   ]  Search path : /mnt/beegfs/home/s430452/advanced_sequencing_informatics_and_genome_assembly/assignment/qc/HS7_R1_fastqc.zip
[2026-01-17 14:46:01,002] multiqc                                            [INFO   ]  Search path : /mnt/beegfs/home/s430452/advanced_sequencing_informatics_and_genome_assembly/assignment/qc/HS7_R2_fastqc.zip
[2026-01-17 14:46:01,022] multiqc                                            [DEBUG  ]  Summary of files that were skipped by the search: []
[2026-01-17 14:46:01,704] multiqc.plots.bargraph                             [DEBUG  ]  Using matplotlib version 3.7.0
[2026-01-17 14:46:01,707] multiqc.plots.linegraph                            [DEBUG  ]  Using matplotlib version 3.7.0
[2026-01-17 14:46:01,709] multiqc                                            [DEBUG  ]  No samples found: custom_content
[2026-01-17 14:46:01,724] multiqc.modules.fastqc.fastqc                      [INFO   ]  Found 2 reports
[2026-01-17 14:46:01,781] multiqc                                            [INFO   ]  Compressing plot data
[2026-01-17 14:46:01,815] multiqc                                            [WARNING]  Previous MultiQC output found! Adjusting filenames..
[2026-01-17 14:46:01,816] multiqc                                            [WARNING]  Use -f or --force to overwrite existing reports instead
[2026-01-17 14:46:01,817] multiqc                                            [INFO   ]  Report      : qc/multiqc_report/multiqc_report_3.html
[2026-01-17 14:46:01,817] multiqc                                            [INFO   ]  Data        : qc/multiqc_report/multiqc_data_3
[2026-01-17 14:46:01,818] multiqc                                            [DEBUG  ]  Moving data file from '/var/tmp/pbs.118763.cr2-pbs/tmp_it9r57h/multiqc_data' to '/mnt/beegfs/home/s430452/advanced_sequencing_informatics_and_genome_assembly/assignment/qc/multiqc_report/multiqc_data_3'
[2026-01-17 14:46:01,951] multiqc                                            [INFO   ]  MultiQC complete
