repeatDetect()-- WORKING on unitig 14/97 of length 399801 with 926 fragments.
markRepeats_computeUnitigErrorRate()--  tig 14 error 0.000513 +- 0.000594
markRepeats()--  filtering low coverage spurious with t=15 in 0 repeat regions (0 depth regions)
markRepeats()--  filtered 0 bases, now with 0 repeat regions
markRepeats()--  filtered 0 repeat regions after picking read endpoints, now with 0 repeat regions.
markRepeats()--  filtered 0 repeat regions contained in a read, now with 0 repeat regions
markRepeats()--  unitig 14 has 0 interesting junctions:
repeatDetect()-- WORKING on unitig 22/97 of length 69437 with 147 fragments.
markRepeats_computeUnitigErrorRate()--  tig 22 error 0.001242 +- 0.003180
markRepeats()--  filtering low coverage spurious with t=15 in 0 repeat regions (0 depth regions)
markRepeats()--  filtered 0 bases, now with 0 repeat regions
markRepeats()--  filtered 0 repeat regions after picking read endpoints, now with 0 repeat regions.
markRepeats()--  filtered 0 repeat regions contained in a read, now with 0 repeat regions
markRepeats()--  unitig 22 has 0 interesting junctions:
repeatDetect()-- WORKING on unitig 31/97 of length 18837 with 56 fragments.
markRepeats_computeUnitigErrorRate()--  tig 31 error 0.001348 +- 0.001063
markRepeats()--  filtering low coverage spurious with t=15 in 0 repeat regions (0 depth regions)
markRepeats()--  filtered 0 bases, now with 0 repeat regions
markRepeats()--  filtered 0 repeat regions after picking read endpoints, now with 0 repeat regions.
markRepeats()--  filtered 0 repeat regions contained in a read, now with 0 repeat regions
markRepeats()--  unitig 31 has 0 interesting junctions:
repeatDetect()-- WORKING on unitig 32/97 of length 14972 with 45 fragments.
markRepeats_computeUnitigErrorRate()--  tig 32 error 0.004884 +- 0.007457
markRepeats()--  filtering low coverage spurious with t=15 in 1 repeat regions (115 depth regions)
markRepeats()--  filtered 716 bases, now with 1 repeat regions
markRepeats()--  filtered 0 repeat regions after picking read endpoints, now with 1 repeat regions.
markRepeats()--  filtered 1 repeat regions contained in a read, now with 0 repeat regions
markRepeats()--  unitig 32 has 0 interesting junctions:
repeatDetect()-- WORKING on unitig 41/97 of length 26284 with 58 fragments.
markRepeats_computeUnitigErrorRate()--  tig 41 error 0.001453 +- 0.004235
markRepeats()--  filtering low coverage spurious with t=15 in 1 repeat regions (17 depth regions)
markRepeats()--  filtered 1797 bases, now with 0 repeat regions
markRepeats()--  filtered 0 repeat regions after picking read endpoints, now with 0 repeat regions.
markRepeats()--  filtered 0 repeat regions contained in a read, now with 0 repeat regions
markRepeats()--  unitig 41 has 0 interesting junctions:
repeatDetect()-- WORKING on unitig 48/97 of length 366097 with 800 fragments.
markRepeats_computeUnitigErrorRate()--  tig 48 error 0.000574 +- 0.000757
markRepeats()--  filtering low coverage spurious with t=15 in 3 repeat regions (5 depth regions)
markRepeats()--  filtered 8183 bases, now with 0 repeat regions
markRepeats()--  filtered 0 repeat regions after picking read endpoints, now with 0 repeat regions.
markRepeats()--  filtered 0 repeat regions contained in a read, now with 0 repeat regions
markRepeats()--  unitig 48 has 0 interesting junctions:
repeatDetect()-- WORKING on unitig 63/97 of length 191449 with 437 fragments.
markRepeats_computeUnitigErrorRate()--  tig 63 error 0.000829 +- 0.001913
markRepeats()--  filtering low coverage spurious with t=15 in 2 repeat regions (3 depth regions)
markRepeats()--  filtered 987 bases, now with 0 repeat regions
markRepeats()--  filtered 0 repeat regions after picking read endpoints, now with 0 repeat regions.
markRepeats()--  filtered 0 repeat regions contained in a read, now with 0 repeat regions
markRepeats()--  unitig 63 has 0 interesting junctions:
repeatDetect()-- WORKING on unitig 72/97 of length 4218 with 15 fragments.
markRepeats_computeUnitigErrorRate()--  tig 72 error 0.019989 +- 0.003372
markRepeats()--  filtering low coverage spurious with t=15 in 1 repeat regions (139 depth regions)
markRepeats()--  filtered 1393 bases, now with 1 repeat regions
markRepeats()--  filtered 0 repeat regions after picking read endpoints, now with 1 repeat regions.
markRepeats()--  filtered 1 repeat regions contained in a read, now with 0 repeat regions
markRepeats()--  unitig 72 has 0 interesting junctions:
repeatDetect()-- WORKING on unitig 74/97 of length 23590 with 48 fragments.
markRepeats_computeUnitigErrorRate()--  tig 74 error 0.000579 +- 0.000992
markRepeats()--  filtering low coverage spurious with t=15 in 0 repeat regions (0 depth regions)
markRepeats()--  filtered 0 bases, now with 0 repeat regions
markRepeats()--  filtered 0 repeat regions after picking read endpoints, now with 0 repeat regions.
markRepeats()--  filtered 0 repeat regions contained in a read, now with 0 repeat regions
markRepeats()--  unitig 74 has 0 interesting junctions:
