==> SEARCHING FOR ZOMBIES
RESURRECTED 0 ZOMBIE FRAGMENTs.
checkUnitigMembership()--  numfrags=11671
checkUnitigMembership()-- nutg=96 nfrg=11671 lost=0 found=11671
checkUnitigMembership()-- log2 length histogram:
checkUnitigMembership()--  5 (       32-       64) 0
checkUnitigMembership()--  6 (       64-      128) 0
checkUnitigMembership()--  7 (      128-      256) 0
checkUnitigMembership()--  8 (      256-      512) 0
checkUnitigMembership()--  9 (      512-     1024) 22
checkUnitigMembership()-- 10 (     1024-     2048) 29
checkUnitigMembership()-- 11 (     2048-     4096) 17
checkUnitigMembership()-- 12 (     4096-     8192) 5
checkUnitigMembership()-- 13 (     8192-    16384) 4
checkUnitigMembership()-- 14 (    16384-    32768) 3
checkUnitigMembership()-- 15 (    32768-    65536) 6
checkUnitigMembership()-- 16 (    65536-   131072) 2
checkUnitigMembership()-- 17 (   131072-   262144) 3
checkUnitigMembership()-- 18 (   262144-   524288) 3
checkUnitigMembership()-- 19 (   524288-  1048576) 0
checkUnitigMembership()-- 20 (  1048576-  2097152) 2
InsertSizes()-- lib 1 mean 0 stddev 0 samples 0
==> MATE HAPPINESS

unmated          11605

                  dove-dove  dove-cont  cont-cont
happy                     0          0          0

goodExternalFwd           0          0          0
goodExternalRev           0          0          0

badExternalFwd            0          0          0
badExternalRev            0          0          0
badCompressed             0          0          0
badStretched              0          0          0
badNormal                 0          0          0
badAnti                   0          0          0
badOuttie                 0          0          0
badFwd                    0          0          0
badRev                    0          0          0
