repeatDetect()-- WORKING on unitig 4/97 of length 1414226 with 3146 fragments.
markRepeats_computeUnitigErrorRate()--  tig 4 error 0.000683 +- 0.001561
markRepeats()--  filtering low coverage spurious with t=15 in 2 repeat regions (9 depth regions)
markRepeats()--  filtered 4558 bases, now with 0 repeat regions
markRepeats()--  filtered 0 repeat regions after picking read endpoints, now with 0 repeat regions.
markRepeats()--  filtered 0 repeat regions contained in a read, now with 0 repeat regions
markRepeats()--  unitig 4 has 0 interesting junctions:
repeatDetect()-- WORKING on unitig 6/97 of length 46751 with 127 fragments.
markRepeats_computeUnitigErrorRate()--  tig 6 error 0.002334 +- 0.005155
markRepeats()--  filtering low coverage spurious with t=15 in 3 repeat regions (11 depth regions)
markRepeats()--  filtered 4391 bases, now with 0 repeat regions
markRepeats()--  filtered 0 repeat regions after picking read endpoints, now with 0 repeat regions.
markRepeats()--  filtered 0 repeat regions contained in a read, now with 0 repeat regions
markRepeats()--  unitig 6 has 0 interesting junctions:
repeatDetect()-- WORKING on unitig 7/97 of length 334973 with 803 fragments.
markRepeats_computeUnitigErrorRate()--  tig 7 error 0.000858 +- 0.001874
markRepeats()--  filtering low coverage spurious with t=15 in 3 repeat regions (11 depth regions)
markRepeats()--  filtered 5165 bases, now with 0 repeat regions
markRepeats()--  filtered 0 repeat regions after picking read endpoints, now with 0 repeat regions.
markRepeats()--  filtered 0 repeat regions contained in a read, now with 0 repeat regions
markRepeats()--  unitig 7 has 0 interesting junctions:
